{"/home/agnespravida/Hacktiv8/phase3/strava/server/app.js": {"path":"/home/agnespravida/Hacktiv8/phase3/strava/server/app.js","statementMap":{"0":{"start":{"line":1,"column":0},"end":{"line":1,"column":27}},"1":{"start":{"line":2,"column":16},"end":{"line":2,"column":34}},"2":{"start":{"line":3,"column":12},"end":{"line":3,"column":21}},"3":{"start":{"line":4,"column":15},"end":{"line":4,"column":34}},"4":{"start":{"line":5,"column":21},"end":{"line":5,"column":59}},"5":{"start":{"line":12,"column":0},"end":{"line":12,"column":24}},"6":{"start":{"line":13,"column":0},"end":{"line":13,"column":49}},"7":{"start":{"line":14,"column":0},"end":{"line":14,"column":16}},"8":{"start":{"line":15,"column":0},"end":{"line":15,"column":22}},"9":{"start":{"line":17,"column":0},"end":{"line":17,"column":21}}},"fnMap":{},"branchMap":{},"s":{"0":7,"1":7,"2":7,"3":7,"4":7,"5":7,"6":7,"7":7,"8":7,"9":7},"f":{},"b":{},"_coverageSchema":"1a1c01bbd47fc00a2c39e90264f33305004495a9","hash":"e28a4d4f5cfe32de7d6aa54369db39f9198a462a"}
,"/home/agnespravida/Hacktiv8/phase3/strava/server/server.js": {"path":"/home/agnespravida/Hacktiv8/phase3/strava/server/server.js","statementMap":{"0":{"start":{"line":1,"column":13},"end":{"line":1,"column":28}},"1":{"start":{"line":2,"column":12},"end":{"line":2,"column":28}},"2":{"start":{"line":3,"column":13},"end":{"line":3,"column":37}},"3":{"start":{"line":5,"column":15},"end":{"line":5,"column":37}},"4":{"start":{"line":7,"column":0},"end":{"line":9,"column":2}},"5":{"start":{"line":8,"column":2},"end":{"line":8,"column":46}}},"fnMap":{"0":{"name":"(anonymous_0)","decl":{"start":{"line":7,"column":20},"end":{"line":7,"column":21}},"loc":{"start":{"line":7,"column":26},"end":{"line":9,"column":1}},"line":7}},"branchMap":{"0":{"loc":{"start":{"line":3,"column":13},"end":{"line":3,"column":37}},"type":"binary-expr","locations":[{"start":{"line":3,"column":13},"end":{"line":3,"column":29}},{"start":{"line":3,"column":33},"end":{"line":3,"column":37}}],"line":3}},"s":{"0":0,"1":0,"2":0,"3":0,"4":0,"5":0},"f":{"0":0},"b":{"0":[0,0]}}
,"/home/agnespravida/Hacktiv8/phase3/strava/server/controllers/communityController.js": {"path":"/home/agnespravida/Hacktiv8/phase3/strava/server/controllers/communityController.js","statementMap":{"0":{"start":{"line":1,"column":18},"end":{"line":1,"column":48}},"1":{"start":{"line":2,"column":13},"end":{"line":2,"column":38}},"2":{"start":{"line":3,"column":14},"end":{"line":3,"column":40}},"3":{"start":{"line":8,"column":8},"end":{"line":39,"column":14}},"4":{"start":{"line":11,"column":32},"end":{"line":22,"column":18}},"5":{"start":{"line":23,"column":16},"end":{"line":32,"column":18}},"6":{"start":{"line":26,"column":20},"end":{"line":28,"column":22}},"7":{"start":{"line":29,"column":20},"end":{"line":29,"column":59}},"8":{"start":{"line":30,"column":20},"end":{"line":31,"column":27}},"9":{"start":{"line":35,"column":16},"end":{"line":35,"column":38}},"10":{"start":{"line":38,"column":16},"end":{"line":38,"column":27}},"11":{"start":{"line":43,"column":8},"end":{"line":63,"column":14}},"12":{"start":{"line":46,"column":16},"end":{"line":56,"column":17}},"13":{"start":{"line":47,"column":20},"end":{"line":48,"column":27}},"14":{"start":{"line":50,"column":21},"end":{"line":56,"column":17}},"15":{"start":{"line":51,"column":20},"end":{"line":52,"column":27}},"16":{"start":{"line":55,"column":20},"end":{"line":55,"column":85}},"17":{"start":{"line":59,"column":16},"end":{"line":59,"column":42}},"18":{"start":{"line":62,"column":16},"end":{"line":62,"column":25}},"19":{"start":{"line":79,"column":8},"end":{"line":106,"column":14}},"20":{"start":{"line":82,"column":16},"end":{"line":82,"column":38}},"21":{"start":{"line":83,"column":16},"end":{"line":84,"column":23}},"22":{"start":{"line":88,"column":16},"end":{"line":88,"column":34}},"23":{"start":{"line":89,"column":16},"end":{"line":95,"column":18}},"24":{"start":{"line":96,"column":16},"end":{"line":97,"column":27}},"25":{"start":{"line":100,"column":16},"end":{"line":102,"column":18}},"26":{"start":{"line":105,"column":16},"end":{"line":105,"column":25}},"27":{"start":{"line":111,"column":8},"end":{"line":153,"column":14}},"28":{"start":{"line":114,"column":16},"end":{"line":114,"column":38}},"29":{"start":{"line":116,"column":36},"end":{"line":118,"column":18}},"30":{"start":{"line":117,"column":20},"end":{"line":117,"column":68}},"31":{"start":{"line":119,"column":32},"end":{"line":121,"column":18}},"32":{"start":{"line":120,"column":20},"end":{"line":120,"column":68}},"33":{"start":{"line":122,"column":16},"end":{"line":131,"column":17}},"34":{"start":{"line":123,"column":20},"end":{"line":124,"column":27}},"35":{"start":{"line":127,"column":20},"end":{"line":130,"column":21}},"36":{"start":{"line":134,"column":34},"end":{"line":136,"column":18}},"37":{"start":{"line":135,"column":20},"end":{"line":135,"column":70}},"38":{"start":{"line":137,"column":30},"end":{"line":143,"column":18}},"39":{"start":{"line":144,"column":16},"end":{"line":144,"column":170}},"40":{"start":{"line":147,"column":16},"end":{"line":149,"column":18}},"41":{"start":{"line":152,"column":16},"end":{"line":152,"column":25}},"42":{"start":{"line":158,"column":8},"end":{"line":190,"column":14}},"43":{"start":{"line":161,"column":16},"end":{"line":161,"column":38}},"44":{"start":{"line":163,"column":36},"end":{"line":165,"column":18}},"45":{"start":{"line":164,"column":20},"end":{"line":164,"column":68}},"46":{"start":{"line":166,"column":16},"end":{"line":175,"column":17}},"47":{"start":{"line":167,"column":20},"end":{"line":168,"column":27}},"48":{"start":{"line":171,"column":20},"end":{"line":174,"column":21}},"49":{"start":{"line":178,"column":34},"end":{"line":180,"column":18}},"50":{"start":{"line":179,"column":20},"end":{"line":179,"column":70}},"51":{"start":{"line":181,"column":16},"end":{"line":181,"column":152}},"52":{"start":{"line":184,"column":16},"end":{"line":186,"column":18}},"53":{"start":{"line":189,"column":16},"end":{"line":189,"column":25}},"54":{"start":{"line":214,"column":25},"end":{"line":220,"column":10}},"55":{"start":{"line":221,"column":8},"end":{"line":244,"column":10}},"56":{"start":{"line":224,"column":12},"end":{"line":224,"column":24}},"57":{"start":{"line":225,"column":12},"end":{"line":226,"column":23}},"58":{"start":{"line":229,"column":12},"end":{"line":230,"column":23}},"59":{"start":{"line":233,"column":25},"end":{"line":233,"column":50}},"60":{"start":{"line":234,"column":12},"end":{"line":235,"column":19}},"61":{"start":{"line":238,"column":12},"end":{"line":240,"column":14}},"62":{"start":{"line":243,"column":12},"end":{"line":243,"column":21}},"63":{"start":{"line":254,"column":8},"end":{"line":287,"column":14}},"64":{"start":{"line":257,"column":16},"end":{"line":258,"column":27}},"65":{"start":{"line":261,"column":36},"end":{"line":263,"column":18}},"66":{"start":{"line":262,"column":20},"end":{"line":262,"column":70}},"67":{"start":{"line":264,"column":16},"end":{"line":276,"column":17}},"68":{"start":{"line":265,"column":33},"end":{"line":267,"column":22}},"69":{"start":{"line":266,"column":24},"end":{"line":266,"column":74}},"70":{"start":{"line":268,"column":20},"end":{"line":269,"column":31}},"71":{"start":{"line":272,"column":20},"end":{"line":275,"column":21}},"72":{"start":{"line":279,"column":16},"end":{"line":280,"column":27}},"73":{"start":{"line":283,"column":16},"end":{"line":283,"column":53}},"74":{"start":{"line":286,"column":16},"end":{"line":286,"column":25}},"75":{"start":{"line":290,"column":0},"end":{"line":290,"column":36}}},"fnMap":{"0":{"name":"(anonymous_0)","decl":{"start":{"line":7,"column":4},"end":{"line":7,"column":5}},"loc":{"start":{"line":7,"column":41},"end":{"line":40,"column":5}},"line":7},"1":{"name":"(anonymous_1)","decl":{"start":{"line":10,"column":18},"end":{"line":10,"column":19}},"loc":{"start":{"line":10,"column":26},"end":{"line":33,"column":13}},"line":10},"2":{"name":"(anonymous_2)","decl":{"start":{"line":25,"column":22},"end":{"line":25,"column":23}},"loc":{"start":{"line":25,"column":30},"end":{"line":32,"column":17}},"line":25},"3":{"name":"(anonymous_3)","decl":{"start":{"line":34,"column":18},"end":{"line":34,"column":19}},"loc":{"start":{"line":34,"column":23},"end":{"line":36,"column":13}},"line":34},"4":{"name":"(anonymous_4)","decl":{"start":{"line":37,"column":19},"end":{"line":37,"column":20}},"loc":{"start":{"line":37,"column":28},"end":{"line":39,"column":13}},"line":37},"5":{"name":"(anonymous_5)","decl":{"start":{"line":42,"column":4},"end":{"line":42,"column":5}},"loc":{"start":{"line":42,"column":36},"end":{"line":64,"column":5}},"line":42},"6":{"name":"(anonymous_6)","decl":{"start":{"line":45,"column":18},"end":{"line":45,"column":19}},"loc":{"start":{"line":45,"column":26},"end":{"line":57,"column":13}},"line":45},"7":{"name":"(anonymous_7)","decl":{"start":{"line":58,"column":18},"end":{"line":58,"column":19}},"loc":{"start":{"line":58,"column":26},"end":{"line":60,"column":13}},"line":58},"8":{"name":"(anonymous_8)","decl":{"start":{"line":61,"column":19},"end":{"line":61,"column":20}},"loc":{"start":{"line":61,"column":26},"end":{"line":63,"column":13}},"line":61},"9":{"name":"(anonymous_9)","decl":{"start":{"line":76,"column":4},"end":{"line":76,"column":5}},"loc":{"start":{"line":76,"column":42},"end":{"line":107,"column":5}},"line":76},"10":{"name":"(anonymous_10)","decl":{"start":{"line":81,"column":18},"end":{"line":81,"column":19}},"loc":{"start":{"line":81,"column":26},"end":{"line":86,"column":13}},"line":81},"11":{"name":"(anonymous_11)","decl":{"start":{"line":87,"column":19},"end":{"line":87,"column":20}},"loc":{"start":{"line":87,"column":27},"end":{"line":98,"column":13}},"line":87},"12":{"name":"(anonymous_12)","decl":{"start":{"line":99,"column":18},"end":{"line":99,"column":19}},"loc":{"start":{"line":99,"column":26},"end":{"line":103,"column":13}},"line":99},"13":{"name":"(anonymous_13)","decl":{"start":{"line":104,"column":19},"end":{"line":104,"column":20}},"loc":{"start":{"line":104,"column":26},"end":{"line":106,"column":13}},"line":104},"14":{"name":"(anonymous_14)","decl":{"start":{"line":109,"column":4},"end":{"line":109,"column":5}},"loc":{"start":{"line":109,"column":47},"end":{"line":154,"column":5}},"line":109},"15":{"name":"(anonymous_15)","decl":{"start":{"line":113,"column":18},"end":{"line":113,"column":19}},"loc":{"start":{"line":113,"column":26},"end":{"line":132,"column":13}},"line":113},"16":{"name":"(anonymous_16)","decl":{"start":{"line":116,"column":71},"end":{"line":116,"column":72}},"loc":{"start":{"line":116,"column":79},"end":{"line":118,"column":17}},"line":116},"17":{"name":"(anonymous_17)","decl":{"start":{"line":119,"column":63},"end":{"line":119,"column":64}},"loc":{"start":{"line":119,"column":71},"end":{"line":121,"column":17}},"line":119},"18":{"name":"(anonymous_18)","decl":{"start":{"line":133,"column":18},"end":{"line":133,"column":19}},"loc":{"start":{"line":133,"column":26},"end":{"line":145,"column":13}},"line":133},"19":{"name":"(anonymous_19)","decl":{"start":{"line":134,"column":69},"end":{"line":134,"column":70}},"loc":{"start":{"line":134,"column":77},"end":{"line":136,"column":17}},"line":134},"20":{"name":"(anonymous_20)","decl":{"start":{"line":146,"column":18},"end":{"line":146,"column":19}},"loc":{"start":{"line":146,"column":26},"end":{"line":150,"column":13}},"line":146},"21":{"name":"(anonymous_21)","decl":{"start":{"line":151,"column":19},"end":{"line":151,"column":20}},"loc":{"start":{"line":151,"column":26},"end":{"line":153,"column":13}},"line":151},"22":{"name":"(anonymous_22)","decl":{"start":{"line":156,"column":4},"end":{"line":156,"column":5}},"loc":{"start":{"line":156,"column":42},"end":{"line":191,"column":5}},"line":156},"23":{"name":"(anonymous_23)","decl":{"start":{"line":160,"column":18},"end":{"line":160,"column":19}},"loc":{"start":{"line":160,"column":26},"end":{"line":176,"column":13}},"line":160},"24":{"name":"(anonymous_24)","decl":{"start":{"line":163,"column":71},"end":{"line":163,"column":72}},"loc":{"start":{"line":163,"column":79},"end":{"line":165,"column":17}},"line":163},"25":{"name":"(anonymous_25)","decl":{"start":{"line":177,"column":18},"end":{"line":177,"column":19}},"loc":{"start":{"line":177,"column":26},"end":{"line":182,"column":13}},"line":177},"26":{"name":"(anonymous_26)","decl":{"start":{"line":178,"column":69},"end":{"line":178,"column":70}},"loc":{"start":{"line":178,"column":77},"end":{"line":180,"column":17}},"line":178},"27":{"name":"(anonymous_27)","decl":{"start":{"line":183,"column":18},"end":{"line":183,"column":19}},"loc":{"start":{"line":183,"column":26},"end":{"line":187,"column":13}},"line":183},"28":{"name":"(anonymous_28)","decl":{"start":{"line":188,"column":19},"end":{"line":188,"column":20}},"loc":{"start":{"line":188,"column":26},"end":{"line":190,"column":13}},"line":188},"29":{"name":"(anonymous_29)","decl":{"start":{"line":212,"column":4},"end":{"line":212,"column":5}},"loc":{"start":{"line":212,"column":40},"end":{"line":246,"column":5}},"line":212},"30":{"name":"(anonymous_30)","decl":{"start":{"line":223,"column":14},"end":{"line":223,"column":15}},"loc":{"start":{"line":223,"column":22},"end":{"line":227,"column":9}},"line":223},"31":{"name":"(anonymous_31)","decl":{"start":{"line":228,"column":14},"end":{"line":228,"column":15}},"loc":{"start":{"line":228,"column":22},"end":{"line":231,"column":9}},"line":228},"32":{"name":"(anonymous_32)","decl":{"start":{"line":232,"column":14},"end":{"line":232,"column":15}},"loc":{"start":{"line":232,"column":22},"end":{"line":236,"column":9}},"line":232},"33":{"name":"(anonymous_33)","decl":{"start":{"line":237,"column":14},"end":{"line":237,"column":15}},"loc":{"start":{"line":237,"column":19},"end":{"line":241,"column":9}},"line":237},"34":{"name":"(anonymous_34)","decl":{"start":{"line":242,"column":15},"end":{"line":242,"column":16}},"loc":{"start":{"line":242,"column":22},"end":{"line":244,"column":9}},"line":242},"35":{"name":"(anonymous_35)","decl":{"start":{"line":248,"column":4},"end":{"line":248,"column":5}},"loc":{"start":{"line":248,"column":40},"end":{"line":288,"column":5}},"line":248},"36":{"name":"(anonymous_36)","decl":{"start":{"line":256,"column":18},"end":{"line":256,"column":19}},"loc":{"start":{"line":256,"column":26},"end":{"line":259,"column":13}},"line":256},"37":{"name":"(anonymous_37)","decl":{"start":{"line":260,"column":18},"end":{"line":260,"column":19}},"loc":{"start":{"line":260,"column":26},"end":{"line":277,"column":13}},"line":260},"38":{"name":"(anonymous_38)","decl":{"start":{"line":261,"column":55},"end":{"line":261,"column":56}},"loc":{"start":{"line":261,"column":64},"end":{"line":263,"column":17}},"line":261},"39":{"name":"(anonymous_39)","decl":{"start":{"line":265,"column":52},"end":{"line":265,"column":53}},"loc":{"start":{"line":265,"column":61},"end":{"line":267,"column":21}},"line":265},"40":{"name":"(anonymous_40)","decl":{"start":{"line":278,"column":18},"end":{"line":278,"column":19}},"loc":{"start":{"line":278,"column":23},"end":{"line":281,"column":13}},"line":278},"41":{"name":"(anonymous_41)","decl":{"start":{"line":282,"column":18},"end":{"line":282,"column":19}},"loc":{"start":{"line":282,"column":23},"end":{"line":284,"column":13}},"line":282},"42":{"name":"(anonymous_42)","decl":{"start":{"line":285,"column":19},"end":{"line":285,"column":20}},"loc":{"start":{"line":285,"column":26},"end":{"line":287,"column":13}},"line":285}},"branchMap":{"0":{"loc":{"start":{"line":46,"column":16},"end":{"line":56,"column":17}},"type":"if","locations":[{"start":{"line":46,"column":16},"end":{"line":56,"column":17}},{"start":{"line":46,"column":16},"end":{"line":56,"column":17}}],"line":46},"1":{"loc":{"start":{"line":46,"column":20},"end":{"line":46,"column":67}},"type":"binary-expr","locations":[{"start":{"line":46,"column":20},"end":{"line":46,"column":41}},{"start":{"line":46,"column":45},"end":{"line":46,"column":67}}],"line":46},"2":{"loc":{"start":{"line":50,"column":21},"end":{"line":56,"column":17}},"type":"if","locations":[{"start":{"line":50,"column":21},"end":{"line":56,"column":17}},{"start":{"line":50,"column":21},"end":{"line":56,"column":17}}],"line":50},"3":{"loc":{"start":{"line":122,"column":16},"end":{"line":131,"column":17}},"type":"if","locations":[{"start":{"line":122,"column":16},"end":{"line":131,"column":17}},{"start":{"line":122,"column":16},"end":{"line":131,"column":17}}],"line":122},"4":{"loc":{"start":{"line":122,"column":20},"end":{"line":122,"column":61}},"type":"binary-expr","locations":[{"start":{"line":122,"column":20},"end":{"line":122,"column":40}},{"start":{"line":122,"column":44},"end":{"line":122,"column":61}}],"line":122},"5":{"loc":{"start":{"line":166,"column":16},"end":{"line":175,"column":17}},"type":"if","locations":[{"start":{"line":166,"column":16},"end":{"line":175,"column":17}},{"start":{"line":166,"column":16},"end":{"line":175,"column":17}}],"line":166},"6":{"loc":{"start":{"line":264,"column":16},"end":{"line":276,"column":17}},"type":"if","locations":[{"start":{"line":264,"column":16},"end":{"line":276,"column":17}},{"start":{"line":264,"column":16},"end":{"line":276,"column":17}}],"line":264}},"s":{"0":7,"1":7,"2":7,"3":1,"4":1,"5":1,"6":1,"7":1,"8":1,"9":1,"10":0,"11":0,"12":0,"13":0,"14":0,"15":0,"16":0,"17":0,"18":0,"19":1,"20":1,"21":1,"22":1,"23":1,"24":1,"25":1,"26":0,"27":2,"28":2,"29":2,"30":2,"31":2,"32":2,"33":2,"34":1,"35":1,"36":1,"37":1,"38":1,"39":1,"40":1,"41":1,"42":2,"43":2,"44":2,"45":2,"46":2,"47":1,"48":1,"49":1,"50":1,"51":1,"52":1,"53":1,"54":1,"55":1,"56":1,"57":1,"58":1,"59":1,"60":1,"61":1,"62":0,"63":0,"64":0,"65":0,"66":0,"67":0,"68":0,"69":0,"70":0,"71":0,"72":0,"73":0,"74":0,"75":7},"f":{"0":1,"1":1,"2":1,"3":1,"4":0,"5":0,"6":0,"7":0,"8":0,"9":1,"10":1,"11":1,"12":1,"13":0,"14":2,"15":2,"16":2,"17":2,"18":1,"19":1,"20":1,"21":1,"22":2,"23":2,"24":2,"25":1,"26":1,"27":1,"28":1,"29":1,"30":1,"31":1,"32":1,"33":1,"34":0,"35":0,"36":0,"37":0,"38":0,"39":0,"40":0,"41":0,"42":0},"b":{"0":[0,0],"1":[0,0],"2":[0,0],"3":[1,1],"4":[2,1],"5":[1,1],"6":[0,0]},"_coverageSchema":"1a1c01bbd47fc00a2c39e90264f33305004495a9","hash":"d8df88a8ad047b571d697cfb0e04ceab81ac5ed9"}
,"/home/agnespravida/Hacktiv8/phase3/strava/server/controllers/userController.js": {"path":"/home/agnespravida/Hacktiv8/phase3/strava/server/controllers/userController.js","statementMap":{"0":{"start":{"line":1,"column":13},"end":{"line":1,"column":38}},"1":{"start":{"line":2,"column":26},"end":{"line":2,"column":54}},"2":{"start":{"line":3,"column":24},"end":{"line":3,"column":49}},"3":{"start":{"line":7,"column":4},"end":{"line":7,"column":26}},"4":{"start":{"line":8,"column":17},"end":{"line":16,"column":6}},"5":{"start":{"line":17,"column":4},"end":{"line":28,"column":9}},"6":{"start":{"line":20,"column":8},"end":{"line":24,"column":11}},"7":{"start":{"line":27,"column":8},"end":{"line":27,"column":18}},"8":{"start":{"line":32,"column":4},"end":{"line":62,"column":9}},"9":{"start":{"line":35,"column":8},"end":{"line":58,"column":9}},"10":{"start":{"line":36,"column":10},"end":{"line":36,"column":36}},"11":{"start":{"line":37,"column":10},"end":{"line":52,"column":11}},"12":{"start":{"line":38,"column":22},"end":{"line":43,"column":13}},"13":{"start":{"line":44,"column":12},"end":{"line":44,"column":69}},"14":{"start":{"line":45,"column":12},"end":{"line":45,"column":40}},"15":{"start":{"line":47,"column":12},"end":{"line":47,"column":40}},"16":{"start":{"line":48,"column":12},"end":{"line":51,"column":14}},"17":{"start":{"line":54,"column":10},"end":{"line":57,"column":12}},"18":{"start":{"line":61,"column":8},"end":{"line":61,"column":18}},"19":{"start":{"line":87,"column":0},"end":{"line":87,"column":32}}},"fnMap":{"0":{"name":"(anonymous_0)","decl":{"start":{"line":6,"column":2},"end":{"line":6,"column":3}},"loc":{"start":{"line":6,"column":34},"end":{"line":29,"column":3}},"line":6},"1":{"name":"(anonymous_1)","decl":{"start":{"line":19,"column":12},"end":{"line":19,"column":13}},"loc":{"start":{"line":19,"column":22},"end":{"line":25,"column":7}},"line":19},"2":{"name":"(anonymous_2)","decl":{"start":{"line":26,"column":13},"end":{"line":26,"column":14}},"loc":{"start":{"line":26,"column":22},"end":{"line":28,"column":7}},"line":26},"3":{"name":"(anonymous_3)","decl":{"start":{"line":31,"column":2},"end":{"line":31,"column":3}},"loc":{"start":{"line":31,"column":31},"end":{"line":63,"column":3}},"line":31},"4":{"name":"(anonymous_4)","decl":{"start":{"line":34,"column":12},"end":{"line":34,"column":13}},"loc":{"start":{"line":34,"column":24},"end":{"line":59,"column":7}},"line":34},"5":{"name":"(anonymous_5)","decl":{"start":{"line":60,"column":13},"end":{"line":60,"column":14}},"loc":{"start":{"line":60,"column":22},"end":{"line":62,"column":7}},"line":60}},"branchMap":{"0":{"loc":{"start":{"line":35,"column":8},"end":{"line":58,"column":9}},"type":"if","locations":[{"start":{"line":35,"column":8},"end":{"line":58,"column":9}},{"start":{"line":35,"column":8},"end":{"line":58,"column":9}}],"line":35},"1":{"loc":{"start":{"line":37,"column":10},"end":{"line":52,"column":11}},"type":"if","locations":[{"start":{"line":37,"column":10},"end":{"line":52,"column":11}},{"start":{"line":37,"column":10},"end":{"line":52,"column":11}}],"line":37}},"s":{"0":7,"1":7,"2":7,"3":2,"4":2,"5":2,"6":1,"7":1,"8":3,"9":3,"10":2,"11":2,"12":1,"13":1,"14":1,"15":1,"16":1,"17":1,"18":2,"19":7},"f":{"0":2,"1":1,"2":1,"3":3,"4":3,"5":2},"b":{"0":[2,1],"1":[1,1]},"_coverageSchema":"1a1c01bbd47fc00a2c39e90264f33305004495a9","hash":"42d0d90131ccc25231ca309e29e23b04d5511b9e"}
,"/home/agnespravida/Hacktiv8/phase3/strava/server/helpers/bcrypt.js": {"path":"/home/agnespravida/Hacktiv8/phase3/strava/server/helpers/bcrypt.js","statementMap":{"0":{"start":{"line":1,"column":15},"end":{"line":1,"column":34}},"1":{"start":{"line":4,"column":4},"end":{"line":4,"column":51}},"2":{"start":{"line":7,"column":0},"end":{"line":9,"column":1}}},"fnMap":{"0":{"name":"checkPassword","decl":{"start":{"line":3,"column":9},"end":{"line":3,"column":22}},"loc":{"start":{"line":3,"column":45},"end":{"line":5,"column":1}},"line":3}},"branchMap":{},"s":{"0":7,"1":2,"2":7},"f":{"0":2},"b":{},"_coverageSchema":"1a1c01bbd47fc00a2c39e90264f33305004495a9","hash":"7231c092f861e59597260fb69e2e6affcc384ffa"}
,"/home/agnespravida/Hacktiv8/phase3/strava/server/helpers/jwt.js": {"path":"/home/agnespravida/Hacktiv8/phase3/strava/server/helpers/jwt.js","statementMap":{"0":{"start":{"line":1,"column":12},"end":{"line":1,"column":35}},"1":{"start":{"line":4,"column":25},"end":{"line":4,"column":63}},"2":{"start":{"line":5,"column":4},"end":{"line":5,"column":23}},"3":{"start":{"line":9,"column":19},"end":{"line":9,"column":60}},"4":{"start":{"line":10,"column":4},"end":{"line":10,"column":17}},"5":{"start":{"line":13,"column":0},"end":{"line":16,"column":1}}},"fnMap":{"0":{"name":"createToken","decl":{"start":{"line":3,"column":9},"end":{"line":3,"column":20}},"loc":{"start":{"line":3,"column":27},"end":{"line":6,"column":1}},"line":3},"1":{"name":"verifyToken","decl":{"start":{"line":8,"column":9},"end":{"line":8,"column":20}},"loc":{"start":{"line":8,"column":28},"end":{"line":11,"column":1}},"line":8}},"branchMap":{},"s":{"0":7,"1":1,"2":1,"3":14,"4":14,"5":7},"f":{"0":1,"1":14},"b":{},"_coverageSchema":"1a1c01bbd47fc00a2c39e90264f33305004495a9","hash":"4cfc7c3d311eb5a55083733b5c7e13522f433c5b"}
,"/home/agnespravida/Hacktiv8/phase3/strava/server/middlewares/Authentication.js": {"path":"/home/agnespravida/Hacktiv8/phase3/strava/server/middlewares/Authentication.js","statementMap":{"0":{"start":{"line":1,"column":14},"end":{"line":1,"column":39}},"1":{"start":{"line":2,"column":24},"end":{"line":2,"column":49}},"2":{"start":{"line":4,"column":0},"end":{"line":26,"column":1}},"3":{"start":{"line":5,"column":4},"end":{"line":25,"column":5}},"4":{"start":{"line":6,"column":22},"end":{"line":6,"column":46}},"5":{"start":{"line":7,"column":8},"end":{"line":22,"column":9}},"6":{"start":{"line":8,"column":12},"end":{"line":11,"column":14}},"7":{"start":{"line":13,"column":28},"end":{"line":13,"column":46}},"8":{"start":{"line":15,"column":12},"end":{"line":15,"column":38}},"9":{"start":{"line":16,"column":25},"end":{"line":16,"column":62}},"10":{"start":{"line":17,"column":12},"end":{"line":21,"column":13}},"11":{"start":{"line":18,"column":16},"end":{"line":18,"column":22}},"12":{"start":{"line":20,"column":16},"end":{"line":20,"column":69}},"13":{"start":{"line":24,"column":8},"end":{"line":24,"column":20}}},"fnMap":{"0":{"name":"(anonymous_0)","decl":{"start":{"line":4,"column":17},"end":{"line":4,"column":18}},"loc":{"start":{"line":4,"column":43},"end":{"line":26,"column":1}},"line":4}},"branchMap":{"0":{"loc":{"start":{"line":7,"column":8},"end":{"line":22,"column":9}},"type":"if","locations":[{"start":{"line":7,"column":8},"end":{"line":22,"column":9}},{"start":{"line":7,"column":8},"end":{"line":22,"column":9}}],"line":7},"1":{"loc":{"start":{"line":17,"column":12},"end":{"line":21,"column":13}},"type":"if","locations":[{"start":{"line":17,"column":12},"end":{"line":21,"column":13}},{"start":{"line":17,"column":12},"end":{"line":21,"column":13}}],"line":17}},"s":{"0":7,"1":7,"2":7,"3":15,"4":15,"5":15,"6":1,"7":14,"8":14,"9":14,"10":14,"11":13,"12":1,"13":1},"f":{"0":15},"b":{"0":[1,14],"1":[13,1]},"_coverageSchema":"1a1c01bbd47fc00a2c39e90264f33305004495a9","hash":"9d48ecea25a3fe9779a6edcf0684a4acfb0c760e"}
,"/home/agnespravida/Hacktiv8/phase3/strava/server/middlewares/AuthorizationCreateEvent.js": {"path":"/home/agnespravida/Hacktiv8/phase3/strava/server/middlewares/AuthorizationCreateEvent.js","statementMap":{"0":{"start":{"line":1,"column":13},"end":{"line":1,"column":38}},"1":{"start":{"line":3,"column":0},"end":{"line":21,"column":1}},"2":{"start":{"line":4,"column":2},"end":{"line":4,"column":20}},"3":{"start":{"line":5,"column":2},"end":{"line":20,"column":6}},"4":{"start":{"line":8,"column":6},"end":{"line":16,"column":7}},"5":{"start":{"line":9,"column":8},"end":{"line":12,"column":9}},"6":{"start":{"line":15,"column":8},"end":{"line":15,"column":14}},"7":{"start":{"line":19,"column":6},"end":{"line":19,"column":15}}},"fnMap":{"0":{"name":"(anonymous_0)","decl":{"start":{"line":3,"column":17},"end":{"line":3,"column":18}},"loc":{"start":{"line":3,"column":37},"end":{"line":21,"column":1}},"line":3},"1":{"name":"(anonymous_1)","decl":{"start":{"line":7,"column":10},"end":{"line":7,"column":11}},"loc":{"start":{"line":7,"column":18},"end":{"line":17,"column":5}},"line":7},"2":{"name":"(anonymous_2)","decl":{"start":{"line":18,"column":11},"end":{"line":18,"column":12}},"loc":{"start":{"line":18,"column":18},"end":{"line":20,"column":5}},"line":18}},"branchMap":{"0":{"loc":{"start":{"line":8,"column":6},"end":{"line":16,"column":7}},"type":"if","locations":[{"start":{"line":8,"column":6},"end":{"line":16,"column":7}},{"start":{"line":8,"column":6},"end":{"line":16,"column":7}}],"line":8},"1":{"loc":{"start":{"line":8,"column":10},"end":{"line":8,"column":55}},"type":"binary-expr","locations":[{"start":{"line":8,"column":10},"end":{"line":8,"column":28}},{"start":{"line":8,"column":32},"end":{"line":8,"column":55}}],"line":8}},"s":{"0":7,"1":7,"2":2,"3":2,"4":2,"5":1,"6":1,"7":1},"f":{"0":2,"1":2,"2":1},"b":{"0":[1,1],"1":[2,1]},"_coverageSchema":"1a1c01bbd47fc00a2c39e90264f33305004495a9","hash":"7a9f1a943a5dd89ad6fb4b493820a25e73d66de1"}
,"/home/agnespravida/Hacktiv8/phase3/strava/server/middlewares/AuthorizationCreateJoin.js": {"path":"/home/agnespravida/Hacktiv8/phase3/strava/server/middlewares/AuthorizationCreateJoin.js","statementMap":{"0":{"start":{"line":1,"column":13},"end":{"line":1,"column":38}},"1":{"start":{"line":3,"column":0},"end":{"line":20,"column":1}},"2":{"start":{"line":4,"column":2},"end":{"line":19,"column":6}},"3":{"start":{"line":7,"column":6},"end":{"line":15,"column":7}},"4":{"start":{"line":8,"column":8},"end":{"line":8,"column":14}},"5":{"start":{"line":11,"column":8},"end":{"line":14,"column":9}},"6":{"start":{"line":18,"column":6},"end":{"line":18,"column":15}}},"fnMap":{"0":{"name":"(anonymous_0)","decl":{"start":{"line":3,"column":17},"end":{"line":3,"column":18}},"loc":{"start":{"line":3,"column":37},"end":{"line":20,"column":1}},"line":3},"1":{"name":"(anonymous_1)","decl":{"start":{"line":6,"column":10},"end":{"line":6,"column":11}},"loc":{"start":{"line":6,"column":18},"end":{"line":16,"column":5}},"line":6},"2":{"name":"(anonymous_2)","decl":{"start":{"line":17,"column":11},"end":{"line":17,"column":12}},"loc":{"start":{"line":17,"column":18},"end":{"line":19,"column":5}},"line":17}},"branchMap":{"0":{"loc":{"start":{"line":7,"column":6},"end":{"line":15,"column":7}},"type":"if","locations":[{"start":{"line":7,"column":6},"end":{"line":15,"column":7}},{"start":{"line":7,"column":6},"end":{"line":15,"column":7}}],"line":7}},"s":{"0":7,"1":7,"2":5,"3":5,"4":2,"5":3,"6":3},"f":{"0":5,"1":5,"2":3},"b":{"0":[2,3]},"_coverageSchema":"1a1c01bbd47fc00a2c39e90264f33305004495a9","hash":"293c8828f63b094bbdd25c064415a9bfbc75bbe8"}
,"/home/agnespravida/Hacktiv8/phase3/strava/server/middlewares/AuthorizeApproveMember.js": {"path":"/home/agnespravida/Hacktiv8/phase3/strava/server/middlewares/AuthorizeApproveMember.js","statementMap":{"0":{"start":{"line":1,"column":13},"end":{"line":1,"column":38}},"1":{"start":{"line":3,"column":0},"end":{"line":20,"column":1}},"2":{"start":{"line":4,"column":2},"end":{"line":19,"column":6}},"3":{"start":{"line":7,"column":6},"end":{"line":15,"column":7}},"4":{"start":{"line":8,"column":8},"end":{"line":8,"column":14}},"5":{"start":{"line":11,"column":8},"end":{"line":14,"column":9}},"6":{"start":{"line":18,"column":6},"end":{"line":18,"column":15}}},"fnMap":{"0":{"name":"(anonymous_0)","decl":{"start":{"line":3,"column":17},"end":{"line":3,"column":18}},"loc":{"start":{"line":3,"column":37},"end":{"line":20,"column":1}},"line":3},"1":{"name":"(anonymous_1)","decl":{"start":{"line":6,"column":10},"end":{"line":6,"column":11}},"loc":{"start":{"line":6,"column":18},"end":{"line":16,"column":5}},"line":6},"2":{"name":"(anonymous_2)","decl":{"start":{"line":17,"column":11},"end":{"line":17,"column":12}},"loc":{"start":{"line":17,"column":18},"end":{"line":19,"column":5}},"line":17}},"branchMap":{"0":{"loc":{"start":{"line":7,"column":6},"end":{"line":15,"column":7}},"type":"if","locations":[{"start":{"line":7,"column":6},"end":{"line":15,"column":7}},{"start":{"line":7,"column":6},"end":{"line":15,"column":7}}],"line":7}},"s":{"0":7,"1":7,"2":6,"3":6,"4":4,"5":2,"6":2},"f":{"0":6,"1":6,"2":2},"b":{"0":[4,2]},"_coverageSchema":"1a1c01bbd47fc00a2c39e90264f33305004495a9","hash":"fdaaccc6cc5fcf6cabba51cca1bf095d52aa7aa9"}
,"/home/agnespravida/Hacktiv8/phase3/strava/server/middlewares/errorHandling.js": {"path":"/home/agnespravida/Hacktiv8/phase3/strava/server/middlewares/errorHandling.js","statementMap":{"0":{"start":{"line":2,"column":2},"end":{"line":16,"column":3}},"1":{"start":{"line":3,"column":17},"end":{"line":3,"column":40}},"2":{"start":{"line":4,"column":19},"end":{"line":4,"column":21}},"3":{"start":{"line":5,"column":4},"end":{"line":7,"column":6}},"4":{"start":{"line":6,"column":6},"end":{"line":6,"column":46}},"5":{"start":{"line":8,"column":4},"end":{"line":8,"column":45}},"6":{"start":{"line":10,"column":7},"end":{"line":16,"column":3}},"7":{"start":{"line":11,"column":4},"end":{"line":11,"column":55}},"8":{"start":{"line":14,"column":4},"end":{"line":14,"column":20}},"9":{"start":{"line":15,"column":4},"end":{"line":15,"column":60}},"10":{"start":{"line":19,"column":0},"end":{"line":19,"column":30}}},"fnMap":{"0":{"name":"errorHandlers","decl":{"start":{"line":1,"column":9},"end":{"line":1,"column":22}},"loc":{"start":{"line":1,"column":43},"end":{"line":17,"column":1}},"line":1},"1":{"name":"(anonymous_1)","decl":{"start":{"line":5,"column":15},"end":{"line":5,"column":16}},"loc":{"start":{"line":5,"column":24},"end":{"line":7,"column":5}},"line":5}},"branchMap":{"0":{"loc":{"start":{"line":2,"column":2},"end":{"line":16,"column":3}},"type":"if","locations":[{"start":{"line":2,"column":2},"end":{"line":16,"column":3}},{"start":{"line":2,"column":2},"end":{"line":16,"column":3}}],"line":2},"1":{"loc":{"start":{"line":10,"column":7},"end":{"line":16,"column":3}},"type":"if","locations":[{"start":{"line":10,"column":7},"end":{"line":16,"column":3}},{"start":{"line":10,"column":7},"end":{"line":16,"column":3}}],"line":10}},"s":{"0":12,"1":1,"2":1,"3":1,"4":1,"5":1,"6":11,"7":11,"8":0,"9":0,"10":7},"f":{"0":12,"1":1},"b":{"0":[1,11],"1":[11,0]},"_coverageSchema":"1a1c01bbd47fc00a2c39e90264f33305004495a9","hash":"af94a2961e9d6625f869939386e1c46e1a027cd6"}
,"/home/agnespravida/Hacktiv8/phase3/strava/server/models/Community.js": {"path":"/home/agnespravida/Hacktiv8/phase3/strava/server/models/Community.js","statementMap":{"0":{"start":{"line":1,"column":17},"end":{"line":1,"column":36}},"1":{"start":{"line":2,"column":19},"end":{"line":2,"column":27}},"2":{"start":{"line":5,"column":24},"end":{"line":14,"column":2}},"3":{"start":{"line":17,"column":0},"end":{"line":17,"column":61}}},"fnMap":{},"branchMap":{},"s":{"0":7,"1":7,"2":7,"3":7},"f":{},"b":{},"_coverageSchema":"1a1c01bbd47fc00a2c39e90264f33305004495a9","hash":"7db0ec6e7b5b3bde162e78c6791475a6280ba936"}
,"/home/agnespravida/Hacktiv8/phase3/strava/server/models/Event.js": {"path":"/home/agnespravida/Hacktiv8/phase3/strava/server/models/Event.js","statementMap":{"0":{"start":{"line":1,"column":17},"end":{"line":1,"column":36}},"1":{"start":{"line":2,"column":19},"end":{"line":2,"column":27}},"2":{"start":{"line":5,"column":20},"end":{"line":25,"column":2}},"3":{"start":{"line":27,"column":0},"end":{"line":40,"column":2}},"4":{"start":{"line":28,"column":13},"end":{"line":28,"column":15}},"5":{"start":{"line":29,"column":2},"end":{"line":36,"column":3}},"6":{"start":{"line":29,"column":15},"end":{"line":29,"column":16}},"7":{"start":{"line":30,"column":4},"end":{"line":35,"column":5}},"8":{"start":{"line":31,"column":6},"end":{"line":31,"column":17}},"9":{"start":{"line":34,"column":6},"end":{"line":34,"column":28}},"10":{"start":{"line":38,"column":2},"end":{"line":38,"column":20}},"11":{"start":{"line":39,"column":2},"end":{"line":39,"column":8}},"12":{"start":{"line":42,"column":0},"end":{"line":42,"column":53}}},"fnMap":{"0":{"name":"(anonymous_0)","decl":{"start":{"line":27,"column":24},"end":{"line":27,"column":25}},"loc":{"start":{"line":27,"column":40},"end":{"line":40,"column":1}},"line":27}},"branchMap":{"0":{"loc":{"start":{"line":30,"column":4},"end":{"line":35,"column":5}},"type":"if","locations":[{"start":{"line":30,"column":4},"end":{"line":35,"column":5}},{"start":{"line":30,"column":4},"end":{"line":35,"column":5}}],"line":30}},"s":{"0":7,"1":7,"2":7,"3":7,"4":1,"5":1,"6":1,"7":18,"8":1,"9":17,"10":1,"11":1,"12":7},"f":{"0":1},"b":{"0":[1,17]},"_coverageSchema":"1a1c01bbd47fc00a2c39e90264f33305004495a9","hash":"8c7762d69006ffb5ca279cbcaec2a335a49d79a3"}
,"/home/agnespravida/Hacktiv8/phase3/strava/server/models/User.js": {"path":"/home/agnespravida/Hacktiv8/phase3/strava/server/models/User.js","statementMap":{"0":{"start":{"line":1,"column":17},"end":{"line":1,"column":36}},"1":{"start":{"line":2,"column":19},"end":{"line":2,"column":27}},"2":{"start":{"line":3,"column":15},"end":{"line":3,"column":34}},"3":{"start":{"line":5,"column":19},"end":{"line":23,"column":2}},"4":{"start":{"line":25,"column":0},"end":{"line":29,"column":2}},"5":{"start":{"line":26,"column":15},"end":{"line":26,"column":35}},"6":{"start":{"line":27,"column":2},"end":{"line":27,"column":54}},"7":{"start":{"line":28,"column":2},"end":{"line":28,"column":8}},"8":{"start":{"line":31,"column":0},"end":{"line":31,"column":51}}},"fnMap":{"0":{"name":"(anonymous_0)","decl":{"start":{"line":25,"column":23},"end":{"line":25,"column":24}},"loc":{"start":{"line":25,"column":39},"end":{"line":29,"column":1}},"line":25}},"branchMap":{},"s":{"0":7,"1":7,"2":7,"3":7,"4":7,"5":56,"6":56,"7":56,"8":7},"f":{"0":56},"b":{},"_coverageSchema":"1a1c01bbd47fc00a2c39e90264f33305004495a9","hash":"694eed737ce032abb49731e8670831ce77ee8592"}
,"/home/agnespravida/Hacktiv8/phase3/strava/server/routes/communityRouter.js": {"path":"/home/agnespravida/Hacktiv8/phase3/strava/server/routes/communityRouter.js","statementMap":{"0":{"start":{"line":1,"column":16},"end":{"line":1,"column":34}},"1":{"start":{"line":2,"column":15},"end":{"line":2,"column":31}},"2":{"start":{"line":3,"column":28},"end":{"line":3,"column":73}},"3":{"start":{"line":4,"column":32},"end":{"line":4,"column":81}},"4":{"start":{"line":5,"column":35},"end":{"line":5,"column":83}},"5":{"start":{"line":6,"column":33},"end":{"line":6,"column":83}},"6":{"start":{"line":8,"column":0},"end":{"line":8,"column":75}},"7":{"start":{"line":10,"column":0},"end":{"line":10,"column":44}},"8":{"start":{"line":12,"column":0},"end":{"line":12,"column":89}},"9":{"start":{"line":13,"column":0},"end":{"line":13,"column":98}},"10":{"start":{"line":14,"column":0},"end":{"line":14,"column":95}},"11":{"start":{"line":15,"column":0},"end":{"line":15,"column":81}},"12":{"start":{"line":16,"column":0},"end":{"line":16,"column":91}},"13":{"start":{"line":19,"column":0},"end":{"line":19,"column":23}}},"fnMap":{},"branchMap":{},"s":{"0":7,"1":7,"2":7,"3":7,"4":7,"5":7,"6":7,"7":7,"8":7,"9":7,"10":7,"11":7,"12":7,"13":7},"f":{},"b":{},"_coverageSchema":"1a1c01bbd47fc00a2c39e90264f33305004495a9","hash":"c66b637d7f79285f983d892c5d8029f0fb8af4f6"}
,"/home/agnespravida/Hacktiv8/phase3/strava/server/routes/index.js": {"path":"/home/agnespravida/Hacktiv8/phase3/strava/server/routes/index.js","statementMap":{"0":{"start":{"line":1,"column":16},"end":{"line":1,"column":34}},"1":{"start":{"line":2,"column":15},"end":{"line":2,"column":31}},"2":{"start":{"line":3,"column":19},"end":{"line":3,"column":42}},"3":{"start":{"line":4,"column":24},"end":{"line":4,"column":52}},"4":{"start":{"line":5,"column":23},"end":{"line":5,"column":63}},"5":{"start":{"line":6,"column":23},"end":{"line":6,"column":63}},"6":{"start":{"line":8,"column":0},"end":{"line":8,"column":32}},"7":{"start":{"line":10,"column":0},"end":{"line":10,"column":26}},"8":{"start":{"line":11,"column":0},"end":{"line":11,"column":23}},"9":{"start":{"line":12,"column":0},"end":{"line":12,"column":41}},"10":{"start":{"line":14,"column":0},"end":{"line":14,"column":23}}},"fnMap":{},"branchMap":{},"s":{"0":7,"1":7,"2":7,"3":7,"4":7,"5":7,"6":7,"7":7,"8":7,"9":7,"10":7},"f":{},"b":{},"_coverageSchema":"1a1c01bbd47fc00a2c39e90264f33305004495a9","hash":"303f02a32536092cb9b87018180872bcf5624285"}
,"/home/agnespravida/Hacktiv8/phase3/strava/server/routes/userRouter.js": {"path":"/home/agnespravida/Hacktiv8/phase3/strava/server/routes/userRouter.js","statementMap":{"0":{"start":{"line":1,"column":16},"end":{"line":1,"column":34}},"1":{"start":{"line":2,"column":15},"end":{"line":2,"column":31}},"2":{"start":{"line":3,"column":23},"end":{"line":3,"column":63}},"3":{"start":{"line":5,"column":0},"end":{"line":5,"column":44}},"4":{"start":{"line":6,"column":0},"end":{"line":6,"column":50}},"5":{"start":{"line":10,"column":0},"end":{"line":10,"column":24}}},"fnMap":{},"branchMap":{},"s":{"0":7,"1":7,"2":7,"3":7,"4":7,"5":7},"f":{},"b":{},"_coverageSchema":"1a1c01bbd47fc00a2c39e90264f33305004495a9","hash":"29a73c561ca8cf744bb7c78ee8272a8c2613c479"}
}
