{"/mnt/d/Project/FlorenceFox/Phase3/Runator/server/app.js": {"path":"/mnt/d/Project/FlorenceFox/Phase3/Runator/server/app.js","statementMap":{"0":{"start":{"line":1,"column":0},"end":{"line":1,"column":26}},"1":{"start":{"line":2,"column":16},"end":{"line":2,"column":34}},"2":{"start":{"line":3,"column":12},"end":{"line":3,"column":21}},"3":{"start":{"line":4,"column":15},"end":{"line":4,"column":34}},"4":{"start":{"line":5,"column":21},"end":{"line":5,"column":59}},"5":{"start":{"line":11,"column":0},"end":{"line":11,"column":23}},"6":{"start":{"line":12,"column":0},"end":{"line":12,"column":46}},"7":{"start":{"line":13,"column":0},"end":{"line":13,"column":15}},"8":{"start":{"line":14,"column":0},"end":{"line":14,"column":21}},"9":{"start":{"line":16,"column":0},"end":{"line":16,"column":20}}},"fnMap":{},"branchMap":{},"s":{"0":0,"1":0,"2":0,"3":0,"4":0,"5":0,"6":0,"7":0,"8":0,"9":0},"f":{},"b":{}}
,"/mnt/d/Project/FlorenceFox/Phase3/Runator/server/server.js": {"path":"/mnt/d/Project/FlorenceFox/Phase3/Runator/server/server.js","statementMap":{"0":{"start":{"line":1,"column":13},"end":{"line":1,"column":28}},"1":{"start":{"line":2,"column":12},"end":{"line":2,"column":28}},"2":{"start":{"line":3,"column":13},"end":{"line":3,"column":37}},"3":{"start":{"line":5,"column":15},"end":{"line":5,"column":37}},"4":{"start":{"line":7,"column":0},"end":{"line":9,"column":2}},"5":{"start":{"line":8,"column":2},"end":{"line":8,"column":46}}},"fnMap":{"0":{"name":"(anonymous_0)","decl":{"start":{"line":7,"column":20},"end":{"line":7,"column":21}},"loc":{"start":{"line":7,"column":26},"end":{"line":9,"column":1}},"line":7}},"branchMap":{"0":{"loc":{"start":{"line":3,"column":13},"end":{"line":3,"column":37}},"type":"binary-expr","locations":[{"start":{"line":3,"column":13},"end":{"line":3,"column":29}},{"start":{"line":3,"column":33},"end":{"line":3,"column":37}}],"line":3}},"s":{"0":0,"1":0,"2":0,"3":0,"4":0,"5":0},"f":{"0":0},"b":{"0":[0,0]}}
,"/mnt/d/Project/FlorenceFox/Phase3/Runator/server/controllers/communityController.js": {"path":"/mnt/d/Project/FlorenceFox/Phase3/Runator/server/controllers/communityController.js","statementMap":{"0":{"start":{"line":1,"column":18},"end":{"line":1,"column":48}},"1":{"start":{"line":2,"column":13},"end":{"line":2,"column":38}},"2":{"start":{"line":3,"column":14},"end":{"line":3,"column":40}},"3":{"start":{"line":8,"column":8},"end":{"line":39,"column":14}},"4":{"start":{"line":11,"column":32},"end":{"line":22,"column":18}},"5":{"start":{"line":23,"column":16},"end":{"line":32,"column":18}},"6":{"start":{"line":26,"column":20},"end":{"line":28,"column":22}},"7":{"start":{"line":29,"column":20},"end":{"line":29,"column":59}},"8":{"start":{"line":30,"column":20},"end":{"line":31,"column":27}},"9":{"start":{"line":35,"column":16},"end":{"line":35,"column":38}},"10":{"start":{"line":38,"column":16},"end":{"line":38,"column":27}},"11":{"start":{"line":43,"column":8},"end":{"line":60,"column":14}},"12":{"start":{"line":46,"column":16},"end":{"line":53,"column":17}},"13":{"start":{"line":47,"column":20},"end":{"line":48,"column":27}},"14":{"start":{"line":51,"column":20},"end":{"line":52,"column":27}},"15":{"start":{"line":56,"column":16},"end":{"line":56,"column":42}},"16":{"start":{"line":59,"column":16},"end":{"line":59,"column":25}},"17":{"start":{"line":76,"column":8},"end":{"line":103,"column":14}},"18":{"start":{"line":79,"column":16},"end":{"line":79,"column":38}},"19":{"start":{"line":80,"column":16},"end":{"line":81,"column":23}},"20":{"start":{"line":85,"column":16},"end":{"line":85,"column":34}},"21":{"start":{"line":86,"column":16},"end":{"line":92,"column":18}},"22":{"start":{"line":93,"column":16},"end":{"line":94,"column":27}},"23":{"start":{"line":97,"column":16},"end":{"line":99,"column":18}},"24":{"start":{"line":102,"column":16},"end":{"line":102,"column":25}},"25":{"start":{"line":108,"column":8},"end":{"line":148,"column":14}},"26":{"start":{"line":111,"column":16},"end":{"line":111,"column":38}},"27":{"start":{"line":113,"column":36},"end":{"line":115,"column":18}},"28":{"start":{"line":114,"column":20},"end":{"line":114,"column":68}},"29":{"start":{"line":116,"column":32},"end":{"line":118,"column":18}},"30":{"start":{"line":117,"column":20},"end":{"line":117,"column":68}},"31":{"start":{"line":119,"column":16},"end":{"line":128,"column":17}},"32":{"start":{"line":120,"column":20},"end":{"line":121,"column":27}},"33":{"start":{"line":124,"column":20},"end":{"line":127,"column":21}},"34":{"start":{"line":131,"column":34},"end":{"line":133,"column":18}},"35":{"start":{"line":132,"column":20},"end":{"line":132,"column":70}},"36":{"start":{"line":134,"column":30},"end":{"line":140,"column":18}},"37":{"start":{"line":141,"column":16},"end":{"line":141,"column":170}},"38":{"start":{"line":144,"column":16},"end":{"line":144,"column":42}},"39":{"start":{"line":147,"column":16},"end":{"line":147,"column":25}},"40":{"start":{"line":153,"column":8},"end":{"line":183,"column":14}},"41":{"start":{"line":156,"column":16},"end":{"line":156,"column":38}},"42":{"start":{"line":158,"column":36},"end":{"line":160,"column":18}},"43":{"start":{"line":159,"column":20},"end":{"line":159,"column":68}},"44":{"start":{"line":161,"column":16},"end":{"line":170,"column":17}},"45":{"start":{"line":162,"column":20},"end":{"line":163,"column":27}},"46":{"start":{"line":166,"column":20},"end":{"line":169,"column":21}},"47":{"start":{"line":173,"column":34},"end":{"line":175,"column":18}},"48":{"start":{"line":174,"column":20},"end":{"line":174,"column":70}},"49":{"start":{"line":176,"column":16},"end":{"line":176,"column":152}},"50":{"start":{"line":179,"column":16},"end":{"line":179,"column":42}},"51":{"start":{"line":182,"column":16},"end":{"line":182,"column":25}},"52":{"start":{"line":207,"column":25},"end":{"line":212,"column":10}},"53":{"start":{"line":213,"column":8},"end":{"line":236,"column":10}},"54":{"start":{"line":216,"column":12},"end":{"line":216,"column":24}},"55":{"start":{"line":217,"column":12},"end":{"line":218,"column":23}},"56":{"start":{"line":221,"column":12},"end":{"line":222,"column":23}},"57":{"start":{"line":225,"column":25},"end":{"line":225,"column":50}},"58":{"start":{"line":226,"column":12},"end":{"line":227,"column":19}},"59":{"start":{"line":230,"column":12},"end":{"line":232,"column":14}},"60":{"start":{"line":235,"column":12},"end":{"line":235,"column":21}},"61":{"start":{"line":246,"column":8},"end":{"line":279,"column":14}},"62":{"start":{"line":249,"column":16},"end":{"line":250,"column":27}},"63":{"start":{"line":253,"column":36},"end":{"line":255,"column":18}},"64":{"start":{"line":254,"column":20},"end":{"line":254,"column":70}},"65":{"start":{"line":256,"column":16},"end":{"line":268,"column":17}},"66":{"start":{"line":257,"column":33},"end":{"line":259,"column":22}},"67":{"start":{"line":258,"column":24},"end":{"line":258,"column":74}},"68":{"start":{"line":260,"column":20},"end":{"line":261,"column":31}},"69":{"start":{"line":264,"column":20},"end":{"line":267,"column":21}},"70":{"start":{"line":271,"column":16},"end":{"line":272,"column":27}},"71":{"start":{"line":275,"column":16},"end":{"line":275,"column":53}},"72":{"start":{"line":278,"column":16},"end":{"line":278,"column":25}},"73":{"start":{"line":284,"column":0},"end":{"line":284,"column":36}}},"fnMap":{"0":{"name":"(anonymous_0)","decl":{"start":{"line":7,"column":4},"end":{"line":7,"column":5}},"loc":{"start":{"line":7,"column":41},"end":{"line":40,"column":5}},"line":7},"1":{"name":"(anonymous_1)","decl":{"start":{"line":10,"column":18},"end":{"line":10,"column":19}},"loc":{"start":{"line":10,"column":26},"end":{"line":33,"column":13}},"line":10},"2":{"name":"(anonymous_2)","decl":{"start":{"line":25,"column":22},"end":{"line":25,"column":23}},"loc":{"start":{"line":25,"column":30},"end":{"line":32,"column":17}},"line":25},"3":{"name":"(anonymous_3)","decl":{"start":{"line":34,"column":18},"end":{"line":34,"column":19}},"loc":{"start":{"line":34,"column":23},"end":{"line":36,"column":13}},"line":34},"4":{"name":"(anonymous_4)","decl":{"start":{"line":37,"column":19},"end":{"line":37,"column":20}},"loc":{"start":{"line":37,"column":28},"end":{"line":39,"column":13}},"line":37},"5":{"name":"(anonymous_5)","decl":{"start":{"line":42,"column":4},"end":{"line":42,"column":5}},"loc":{"start":{"line":42,"column":36},"end":{"line":61,"column":5}},"line":42},"6":{"name":"(anonymous_6)","decl":{"start":{"line":45,"column":18},"end":{"line":45,"column":19}},"loc":{"start":{"line":45,"column":26},"end":{"line":54,"column":13}},"line":45},"7":{"name":"(anonymous_7)","decl":{"start":{"line":55,"column":18},"end":{"line":55,"column":19}},"loc":{"start":{"line":55,"column":26},"end":{"line":57,"column":13}},"line":55},"8":{"name":"(anonymous_8)","decl":{"start":{"line":58,"column":19},"end":{"line":58,"column":20}},"loc":{"start":{"line":58,"column":26},"end":{"line":60,"column":13}},"line":58},"9":{"name":"(anonymous_9)","decl":{"start":{"line":73,"column":4},"end":{"line":73,"column":5}},"loc":{"start":{"line":73,"column":42},"end":{"line":104,"column":5}},"line":73},"10":{"name":"(anonymous_10)","decl":{"start":{"line":78,"column":18},"end":{"line":78,"column":19}},"loc":{"start":{"line":78,"column":26},"end":{"line":83,"column":13}},"line":78},"11":{"name":"(anonymous_11)","decl":{"start":{"line":84,"column":19},"end":{"line":84,"column":20}},"loc":{"start":{"line":84,"column":27},"end":{"line":95,"column":13}},"line":84},"12":{"name":"(anonymous_12)","decl":{"start":{"line":96,"column":18},"end":{"line":96,"column":19}},"loc":{"start":{"line":96,"column":26},"end":{"line":100,"column":13}},"line":96},"13":{"name":"(anonymous_13)","decl":{"start":{"line":101,"column":19},"end":{"line":101,"column":20}},"loc":{"start":{"line":101,"column":26},"end":{"line":103,"column":13}},"line":101},"14":{"name":"(anonymous_14)","decl":{"start":{"line":106,"column":4},"end":{"line":106,"column":5}},"loc":{"start":{"line":106,"column":47},"end":{"line":149,"column":5}},"line":106},"15":{"name":"(anonymous_15)","decl":{"start":{"line":110,"column":18},"end":{"line":110,"column":19}},"loc":{"start":{"line":110,"column":26},"end":{"line":129,"column":13}},"line":110},"16":{"name":"(anonymous_16)","decl":{"start":{"line":113,"column":71},"end":{"line":113,"column":72}},"loc":{"start":{"line":113,"column":79},"end":{"line":115,"column":17}},"line":113},"17":{"name":"(anonymous_17)","decl":{"start":{"line":116,"column":63},"end":{"line":116,"column":64}},"loc":{"start":{"line":116,"column":71},"end":{"line":118,"column":17}},"line":116},"18":{"name":"(anonymous_18)","decl":{"start":{"line":130,"column":18},"end":{"line":130,"column":19}},"loc":{"start":{"line":130,"column":26},"end":{"line":142,"column":13}},"line":130},"19":{"name":"(anonymous_19)","decl":{"start":{"line":131,"column":69},"end":{"line":131,"column":70}},"loc":{"start":{"line":131,"column":77},"end":{"line":133,"column":17}},"line":131},"20":{"name":"(anonymous_20)","decl":{"start":{"line":143,"column":18},"end":{"line":143,"column":19}},"loc":{"start":{"line":143,"column":26},"end":{"line":145,"column":13}},"line":143},"21":{"name":"(anonymous_21)","decl":{"start":{"line":146,"column":19},"end":{"line":146,"column":20}},"loc":{"start":{"line":146,"column":26},"end":{"line":148,"column":13}},"line":146},"22":{"name":"(anonymous_22)","decl":{"start":{"line":151,"column":4},"end":{"line":151,"column":5}},"loc":{"start":{"line":151,"column":42},"end":{"line":184,"column":5}},"line":151},"23":{"name":"(anonymous_23)","decl":{"start":{"line":155,"column":18},"end":{"line":155,"column":19}},"loc":{"start":{"line":155,"column":26},"end":{"line":171,"column":13}},"line":155},"24":{"name":"(anonymous_24)","decl":{"start":{"line":158,"column":71},"end":{"line":158,"column":72}},"loc":{"start":{"line":158,"column":79},"end":{"line":160,"column":17}},"line":158},"25":{"name":"(anonymous_25)","decl":{"start":{"line":172,"column":18},"end":{"line":172,"column":19}},"loc":{"start":{"line":172,"column":26},"end":{"line":177,"column":13}},"line":172},"26":{"name":"(anonymous_26)","decl":{"start":{"line":173,"column":69},"end":{"line":173,"column":70}},"loc":{"start":{"line":173,"column":77},"end":{"line":175,"column":17}},"line":173},"27":{"name":"(anonymous_27)","decl":{"start":{"line":178,"column":18},"end":{"line":178,"column":19}},"loc":{"start":{"line":178,"column":26},"end":{"line":180,"column":13}},"line":178},"28":{"name":"(anonymous_28)","decl":{"start":{"line":181,"column":19},"end":{"line":181,"column":20}},"loc":{"start":{"line":181,"column":26},"end":{"line":183,"column":13}},"line":181},"29":{"name":"(anonymous_29)","decl":{"start":{"line":205,"column":4},"end":{"line":205,"column":5}},"loc":{"start":{"line":205,"column":40},"end":{"line":238,"column":5}},"line":205},"30":{"name":"(anonymous_30)","decl":{"start":{"line":215,"column":14},"end":{"line":215,"column":15}},"loc":{"start":{"line":215,"column":22},"end":{"line":219,"column":9}},"line":215},"31":{"name":"(anonymous_31)","decl":{"start":{"line":220,"column":14},"end":{"line":220,"column":15}},"loc":{"start":{"line":220,"column":22},"end":{"line":223,"column":9}},"line":220},"32":{"name":"(anonymous_32)","decl":{"start":{"line":224,"column":14},"end":{"line":224,"column":15}},"loc":{"start":{"line":224,"column":22},"end":{"line":228,"column":9}},"line":224},"33":{"name":"(anonymous_33)","decl":{"start":{"line":229,"column":14},"end":{"line":229,"column":15}},"loc":{"start":{"line":229,"column":19},"end":{"line":233,"column":9}},"line":229},"34":{"name":"(anonymous_34)","decl":{"start":{"line":234,"column":15},"end":{"line":234,"column":16}},"loc":{"start":{"line":234,"column":22},"end":{"line":236,"column":9}},"line":234},"35":{"name":"(anonymous_35)","decl":{"start":{"line":240,"column":4},"end":{"line":240,"column":5}},"loc":{"start":{"line":240,"column":40},"end":{"line":280,"column":5}},"line":240},"36":{"name":"(anonymous_36)","decl":{"start":{"line":248,"column":18},"end":{"line":248,"column":19}},"loc":{"start":{"line":248,"column":26},"end":{"line":251,"column":13}},"line":248},"37":{"name":"(anonymous_37)","decl":{"start":{"line":252,"column":18},"end":{"line":252,"column":19}},"loc":{"start":{"line":252,"column":26},"end":{"line":269,"column":13}},"line":252},"38":{"name":"(anonymous_38)","decl":{"start":{"line":253,"column":55},"end":{"line":253,"column":56}},"loc":{"start":{"line":253,"column":64},"end":{"line":255,"column":17}},"line":253},"39":{"name":"(anonymous_39)","decl":{"start":{"line":257,"column":52},"end":{"line":257,"column":53}},"loc":{"start":{"line":257,"column":61},"end":{"line":259,"column":21}},"line":257},"40":{"name":"(anonymous_40)","decl":{"start":{"line":270,"column":18},"end":{"line":270,"column":19}},"loc":{"start":{"line":270,"column":23},"end":{"line":273,"column":13}},"line":270},"41":{"name":"(anonymous_41)","decl":{"start":{"line":274,"column":18},"end":{"line":274,"column":19}},"loc":{"start":{"line":274,"column":23},"end":{"line":276,"column":13}},"line":274},"42":{"name":"(anonymous_42)","decl":{"start":{"line":277,"column":19},"end":{"line":277,"column":20}},"loc":{"start":{"line":277,"column":26},"end":{"line":279,"column":13}},"line":277}},"branchMap":{"0":{"loc":{"start":{"line":46,"column":16},"end":{"line":53,"column":17}},"type":"if","locations":[{"start":{"line":46,"column":16},"end":{"line":53,"column":17}},{"start":{"line":46,"column":16},"end":{"line":53,"column":17}}],"line":46},"1":{"loc":{"start":{"line":119,"column":16},"end":{"line":128,"column":17}},"type":"if","locations":[{"start":{"line":119,"column":16},"end":{"line":128,"column":17}},{"start":{"line":119,"column":16},"end":{"line":128,"column":17}}],"line":119},"2":{"loc":{"start":{"line":119,"column":20},"end":{"line":119,"column":61}},"type":"binary-expr","locations":[{"start":{"line":119,"column":20},"end":{"line":119,"column":40}},{"start":{"line":119,"column":44},"end":{"line":119,"column":61}}],"line":119},"3":{"loc":{"start":{"line":161,"column":16},"end":{"line":170,"column":17}},"type":"if","locations":[{"start":{"line":161,"column":16},"end":{"line":170,"column":17}},{"start":{"line":161,"column":16},"end":{"line":170,"column":17}}],"line":161},"4":{"loc":{"start":{"line":256,"column":16},"end":{"line":268,"column":17}},"type":"if","locations":[{"start":{"line":256,"column":16},"end":{"line":268,"column":17}},{"start":{"line":256,"column":16},"end":{"line":268,"column":17}}],"line":256}},"s":{"0":0,"1":0,"2":0,"3":0,"4":0,"5":0,"6":0,"7":0,"8":0,"9":0,"10":0,"11":0,"12":0,"13":0,"14":0,"15":0,"16":0,"17":0,"18":0,"19":0,"20":0,"21":0,"22":0,"23":0,"24":0,"25":0,"26":0,"27":0,"28":0,"29":0,"30":0,"31":0,"32":0,"33":0,"34":0,"35":0,"36":0,"37":0,"38":0,"39":0,"40":0,"41":0,"42":0,"43":0,"44":0,"45":0,"46":0,"47":0,"48":0,"49":0,"50":0,"51":0,"52":0,"53":0,"54":0,"55":0,"56":0,"57":0,"58":0,"59":0,"60":0,"61":0,"62":0,"63":0,"64":0,"65":0,"66":0,"67":0,"68":0,"69":0,"70":0,"71":0,"72":0,"73":0},"f":{"0":0,"1":0,"2":0,"3":0,"4":0,"5":0,"6":0,"7":0,"8":0,"9":0,"10":0,"11":0,"12":0,"13":0,"14":0,"15":0,"16":0,"17":0,"18":0,"19":0,"20":0,"21":0,"22":0,"23":0,"24":0,"25":0,"26":0,"27":0,"28":0,"29":0,"30":0,"31":0,"32":0,"33":0,"34":0,"35":0,"36":0,"37":0,"38":0,"39":0,"40":0,"41":0,"42":0},"b":{"0":[0,0],"1":[0,0],"2":[0,0],"3":[0,0],"4":[0,0]}}
,"/mnt/d/Project/FlorenceFox/Phase3/Runator/server/controllers/userController.js": {"path":"/mnt/d/Project/FlorenceFox/Phase3/Runator/server/controllers/userController.js","statementMap":{"0":{"start":{"line":1,"column":13},"end":{"line":1,"column":38}},"1":{"start":{"line":2,"column":26},"end":{"line":2,"column":54}},"2":{"start":{"line":3,"column":24},"end":{"line":3,"column":49}},"3":{"start":{"line":7,"column":21},"end":{"line":15,"column":10}},"4":{"start":{"line":16,"column":8},"end":{"line":27,"column":10}},"5":{"start":{"line":19,"column":12},"end":{"line":23,"column":14}},"6":{"start":{"line":26,"column":12},"end":{"line":26,"column":21}},"7":{"start":{"line":31,"column":8},"end":{"line":64,"column":14}},"8":{"start":{"line":34,"column":16},"end":{"line":60,"column":17}},"9":{"start":{"line":35,"column":20},"end":{"line":35,"column":45}},"10":{"start":{"line":36,"column":20},"end":{"line":53,"column":21}},"11":{"start":{"line":37,"column":34},"end":{"line":42,"column":25}},"12":{"start":{"line":43,"column":24},"end":{"line":43,"column":78}},"13":{"start":{"line":44,"column":24},"end":{"line":44,"column":51}},"14":{"start":{"line":47,"column":24},"end":{"line":47,"column":51}},"15":{"start":{"line":48,"column":24},"end":{"line":51,"column":25}},"16":{"start":{"line":56,"column":20},"end":{"line":59,"column":21}},"17":{"start":{"line":63,"column":16},"end":{"line":63,"column":25}},"18":{"start":{"line":89,"column":0},"end":{"line":89,"column":31}}},"fnMap":{"0":{"name":"(anonymous_0)","decl":{"start":{"line":6,"column":4},"end":{"line":6,"column":5}},"loc":{"start":{"line":6,"column":36},"end":{"line":28,"column":5}},"line":6},"1":{"name":"(anonymous_1)","decl":{"start":{"line":18,"column":14},"end":{"line":18,"column":15}},"loc":{"start":{"line":18,"column":22},"end":{"line":24,"column":9}},"line":18},"2":{"name":"(anonymous_2)","decl":{"start":{"line":25,"column":15},"end":{"line":25,"column":16}},"loc":{"start":{"line":25,"column":22},"end":{"line":27,"column":9}},"line":25},"3":{"name":"(anonymous_3)","decl":{"start":{"line":30,"column":4},"end":{"line":30,"column":5}},"loc":{"start":{"line":30,"column":33},"end":{"line":65,"column":5}},"line":30},"4":{"name":"(anonymous_4)","decl":{"start":{"line":33,"column":18},"end":{"line":33,"column":19}},"loc":{"start":{"line":33,"column":28},"end":{"line":61,"column":13}},"line":33},"5":{"name":"(anonymous_5)","decl":{"start":{"line":62,"column":19},"end":{"line":62,"column":20}},"loc":{"start":{"line":62,"column":26},"end":{"line":64,"column":13}},"line":62}},"branchMap":{"0":{"loc":{"start":{"line":34,"column":16},"end":{"line":60,"column":17}},"type":"if","locations":[{"start":{"line":34,"column":16},"end":{"line":60,"column":17}},{"start":{"line":34,"column":16},"end":{"line":60,"column":17}}],"line":34},"1":{"loc":{"start":{"line":36,"column":20},"end":{"line":53,"column":21}},"type":"if","locations":[{"start":{"line":36,"column":20},"end":{"line":53,"column":21}},{"start":{"line":36,"column":20},"end":{"line":53,"column":21}}],"line":36}},"s":{"0":0,"1":0,"2":0,"3":0,"4":0,"5":0,"6":0,"7":0,"8":0,"9":0,"10":0,"11":0,"12":0,"13":0,"14":0,"15":0,"16":0,"17":0,"18":0},"f":{"0":0,"1":0,"2":0,"3":0,"4":0,"5":0},"b":{"0":[0,0],"1":[0,0]}}
,"/mnt/d/Project/FlorenceFox/Phase3/Runator/server/helpers/bcrypt.js": {"path":"/mnt/d/Project/FlorenceFox/Phase3/Runator/server/helpers/bcrypt.js","statementMap":{"0":{"start":{"line":1,"column":15},"end":{"line":1,"column":34}},"1":{"start":{"line":4,"column":4},"end":{"line":4,"column":51}},"2":{"start":{"line":7,"column":0},"end":{"line":9,"column":1}}},"fnMap":{"0":{"name":"checkPassword","decl":{"start":{"line":3,"column":9},"end":{"line":3,"column":22}},"loc":{"start":{"line":3,"column":45},"end":{"line":5,"column":1}},"line":3}},"branchMap":{},"s":{"0":0,"1":0,"2":0},"f":{"0":0},"b":{}}
,"/mnt/d/Project/FlorenceFox/Phase3/Runator/server/helpers/jwt.js": {"path":"/mnt/d/Project/FlorenceFox/Phase3/Runator/server/helpers/jwt.js","statementMap":{"0":{"start":{"line":1,"column":12},"end":{"line":1,"column":35}},"1":{"start":{"line":4,"column":25},"end":{"line":4,"column":63}},"2":{"start":{"line":5,"column":4},"end":{"line":5,"column":23}},"3":{"start":{"line":9,"column":19},"end":{"line":9,"column":60}},"4":{"start":{"line":10,"column":4},"end":{"line":10,"column":17}},"5":{"start":{"line":13,"column":0},"end":{"line":16,"column":1}}},"fnMap":{"0":{"name":"createToken","decl":{"start":{"line":3,"column":9},"end":{"line":3,"column":20}},"loc":{"start":{"line":3,"column":27},"end":{"line":6,"column":1}},"line":3},"1":{"name":"verifyToken","decl":{"start":{"line":8,"column":9},"end":{"line":8,"column":20}},"loc":{"start":{"line":8,"column":28},"end":{"line":11,"column":1}},"line":8}},"branchMap":{},"s":{"0":0,"1":0,"2":0,"3":0,"4":0,"5":0},"f":{"0":0,"1":0},"b":{}}
,"/mnt/d/Project/FlorenceFox/Phase3/Runator/server/helpers/verifyPassword.js": {"path":"/mnt/d/Project/FlorenceFox/Phase3/Runator/server/helpers/verifyPassword.js","statementMap":{"0":{"start":{"line":1,"column":15},"end":{"line":1,"column":34}},"1":{"start":{"line":4,"column":2},"end":{"line":4,"column":39}},"2":{"start":{"line":6,"column":0},"end":{"line":6,"column":31}}},"fnMap":{"0":{"name":"verifyPassword","decl":{"start":{"line":3,"column":9},"end":{"line":3,"column":23}},"loc":{"start":{"line":3,"column":34},"end":{"line":5,"column":1}},"line":3}},"branchMap":{},"s":{"0":0,"1":0,"2":0},"f":{"0":0},"b":{}}
,"/mnt/d/Project/FlorenceFox/Phase3/Runator/server/middlewares/Authentication.js": {"path":"/mnt/d/Project/FlorenceFox/Phase3/Runator/server/middlewares/Authentication.js","statementMap":{"0":{"start":{"line":1,"column":14},"end":{"line":1,"column":39}},"1":{"start":{"line":2,"column":24},"end":{"line":2,"column":49}},"2":{"start":{"line":4,"column":0},"end":{"line":26,"column":1}},"3":{"start":{"line":5,"column":4},"end":{"line":25,"column":5}},"4":{"start":{"line":6,"column":22},"end":{"line":6,"column":46}},"5":{"start":{"line":7,"column":8},"end":{"line":22,"column":9}},"6":{"start":{"line":8,"column":12},"end":{"line":11,"column":14}},"7":{"start":{"line":13,"column":28},"end":{"line":13,"column":46}},"8":{"start":{"line":15,"column":12},"end":{"line":15,"column":38}},"9":{"start":{"line":16,"column":25},"end":{"line":16,"column":62}},"10":{"start":{"line":17,"column":12},"end":{"line":21,"column":13}},"11":{"start":{"line":18,"column":16},"end":{"line":18,"column":22}},"12":{"start":{"line":20,"column":16},"end":{"line":20,"column":69}},"13":{"start":{"line":24,"column":8},"end":{"line":24,"column":20}}},"fnMap":{"0":{"name":"(anonymous_0)","decl":{"start":{"line":4,"column":17},"end":{"line":4,"column":18}},"loc":{"start":{"line":4,"column":43},"end":{"line":26,"column":1}},"line":4}},"branchMap":{"0":{"loc":{"start":{"line":7,"column":8},"end":{"line":22,"column":9}},"type":"if","locations":[{"start":{"line":7,"column":8},"end":{"line":22,"column":9}},{"start":{"line":7,"column":8},"end":{"line":22,"column":9}}],"line":7},"1":{"loc":{"start":{"line":17,"column":12},"end":{"line":21,"column":13}},"type":"if","locations":[{"start":{"line":17,"column":12},"end":{"line":21,"column":13}},{"start":{"line":17,"column":12},"end":{"line":21,"column":13}}],"line":17}},"s":{"0":0,"1":0,"2":0,"3":0,"4":0,"5":0,"6":0,"7":0,"8":0,"9":0,"10":0,"11":0,"12":0,"13":0},"f":{"0":0},"b":{"0":[0,0],"1":[0,0]}}
,"/mnt/d/Project/FlorenceFox/Phase3/Runator/server/middlewares/AuthorizationCreateEvent.js": {"path":"/mnt/d/Project/FlorenceFox/Phase3/Runator/server/middlewares/AuthorizationCreateEvent.js","statementMap":{"0":{"start":{"line":1,"column":13},"end":{"line":1,"column":38}},"1":{"start":{"line":3,"column":0},"end":{"line":21,"column":1}},"2":{"start":{"line":4,"column":2},"end":{"line":4,"column":20}},"3":{"start":{"line":5,"column":2},"end":{"line":20,"column":6}},"4":{"start":{"line":8,"column":6},"end":{"line":16,"column":7}},"5":{"start":{"line":9,"column":8},"end":{"line":12,"column":9}},"6":{"start":{"line":15,"column":8},"end":{"line":15,"column":14}},"7":{"start":{"line":19,"column":6},"end":{"line":19,"column":15}}},"fnMap":{"0":{"name":"(anonymous_0)","decl":{"start":{"line":3,"column":17},"end":{"line":3,"column":18}},"loc":{"start":{"line":3,"column":37},"end":{"line":21,"column":1}},"line":3},"1":{"name":"(anonymous_1)","decl":{"start":{"line":7,"column":10},"end":{"line":7,"column":11}},"loc":{"start":{"line":7,"column":18},"end":{"line":17,"column":5}},"line":7},"2":{"name":"(anonymous_2)","decl":{"start":{"line":18,"column":11},"end":{"line":18,"column":12}},"loc":{"start":{"line":18,"column":18},"end":{"line":20,"column":5}},"line":18}},"branchMap":{"0":{"loc":{"start":{"line":8,"column":6},"end":{"line":16,"column":7}},"type":"if","locations":[{"start":{"line":8,"column":6},"end":{"line":16,"column":7}},{"start":{"line":8,"column":6},"end":{"line":16,"column":7}}],"line":8},"1":{"loc":{"start":{"line":8,"column":10},"end":{"line":8,"column":55}},"type":"binary-expr","locations":[{"start":{"line":8,"column":10},"end":{"line":8,"column":28}},{"start":{"line":8,"column":32},"end":{"line":8,"column":55}}],"line":8}},"s":{"0":0,"1":0,"2":0,"3":0,"4":0,"5":0,"6":0,"7":0},"f":{"0":0,"1":0,"2":0},"b":{"0":[0,0],"1":[0,0]}}
,"/mnt/d/Project/FlorenceFox/Phase3/Runator/server/middlewares/AuthorizationCreateJoin.js": {"path":"/mnt/d/Project/FlorenceFox/Phase3/Runator/server/middlewares/AuthorizationCreateJoin.js","statementMap":{"0":{"start":{"line":1,"column":13},"end":{"line":1,"column":38}},"1":{"start":{"line":3,"column":0},"end":{"line":21,"column":1}},"2":{"start":{"line":4,"column":2},"end":{"line":4,"column":20}},"3":{"start":{"line":5,"column":2},"end":{"line":20,"column":6}},"4":{"start":{"line":8,"column":6},"end":{"line":16,"column":7}},"5":{"start":{"line":9,"column":8},"end":{"line":9,"column":14}},"6":{"start":{"line":12,"column":8},"end":{"line":15,"column":9}},"7":{"start":{"line":19,"column":6},"end":{"line":19,"column":15}}},"fnMap":{"0":{"name":"(anonymous_0)","decl":{"start":{"line":3,"column":17},"end":{"line":3,"column":18}},"loc":{"start":{"line":3,"column":37},"end":{"line":21,"column":1}},"line":3},"1":{"name":"(anonymous_1)","decl":{"start":{"line":7,"column":10},"end":{"line":7,"column":11}},"loc":{"start":{"line":7,"column":18},"end":{"line":17,"column":5}},"line":7},"2":{"name":"(anonymous_2)","decl":{"start":{"line":18,"column":11},"end":{"line":18,"column":12}},"loc":{"start":{"line":18,"column":18},"end":{"line":20,"column":5}},"line":18}},"branchMap":{"0":{"loc":{"start":{"line":8,"column":6},"end":{"line":16,"column":7}},"type":"if","locations":[{"start":{"line":8,"column":6},"end":{"line":16,"column":7}},{"start":{"line":8,"column":6},"end":{"line":16,"column":7}}],"line":8}},"s":{"0":0,"1":0,"2":0,"3":0,"4":0,"5":0,"6":0,"7":0},"f":{"0":0,"1":0,"2":0},"b":{"0":[0,0]}}
,"/mnt/d/Project/FlorenceFox/Phase3/Runator/server/middlewares/AuthorizeApproveMember.js": {"path":"/mnt/d/Project/FlorenceFox/Phase3/Runator/server/middlewares/AuthorizeApproveMember.js","statementMap":{"0":{"start":{"line":1,"column":13},"end":{"line":1,"column":38}},"1":{"start":{"line":3,"column":0},"end":{"line":20,"column":1}},"2":{"start":{"line":4,"column":2},"end":{"line":19,"column":6}},"3":{"start":{"line":7,"column":6},"end":{"line":15,"column":7}},"4":{"start":{"line":8,"column":8},"end":{"line":8,"column":14}},"5":{"start":{"line":11,"column":8},"end":{"line":14,"column":9}},"6":{"start":{"line":18,"column":6},"end":{"line":18,"column":15}}},"fnMap":{"0":{"name":"(anonymous_0)","decl":{"start":{"line":3,"column":17},"end":{"line":3,"column":18}},"loc":{"start":{"line":3,"column":37},"end":{"line":20,"column":1}},"line":3},"1":{"name":"(anonymous_1)","decl":{"start":{"line":6,"column":10},"end":{"line":6,"column":11}},"loc":{"start":{"line":6,"column":18},"end":{"line":16,"column":5}},"line":6},"2":{"name":"(anonymous_2)","decl":{"start":{"line":17,"column":11},"end":{"line":17,"column":12}},"loc":{"start":{"line":17,"column":18},"end":{"line":19,"column":5}},"line":17}},"branchMap":{"0":{"loc":{"start":{"line":7,"column":6},"end":{"line":15,"column":7}},"type":"if","locations":[{"start":{"line":7,"column":6},"end":{"line":15,"column":7}},{"start":{"line":7,"column":6},"end":{"line":15,"column":7}}],"line":7}},"s":{"0":0,"1":0,"2":0,"3":0,"4":0,"5":0,"6":0},"f":{"0":0,"1":0,"2":0},"b":{"0":[0,0]}}
,"/mnt/d/Project/FlorenceFox/Phase3/Runator/server/middlewares/errorHandling.js": {"path":"/mnt/d/Project/FlorenceFox/Phase3/Runator/server/middlewares/errorHandling.js","statementMap":{"0":{"start":{"line":2,"column":2},"end":{"line":16,"column":3}},"1":{"start":{"line":3,"column":17},"end":{"line":3,"column":40}},"2":{"start":{"line":4,"column":19},"end":{"line":4,"column":21}},"3":{"start":{"line":5,"column":4},"end":{"line":7,"column":6}},"4":{"start":{"line":6,"column":6},"end":{"line":6,"column":46}},"5":{"start":{"line":8,"column":4},"end":{"line":8,"column":45}},"6":{"start":{"line":10,"column":7},"end":{"line":16,"column":3}},"7":{"start":{"line":11,"column":4},"end":{"line":11,"column":55}},"8":{"start":{"line":14,"column":4},"end":{"line":14,"column":21}},"9":{"start":{"line":15,"column":4},"end":{"line":15,"column":60}},"10":{"start":{"line":19,"column":0},"end":{"line":19,"column":30}}},"fnMap":{"0":{"name":"errorHandlers","decl":{"start":{"line":1,"column":9},"end":{"line":1,"column":22}},"loc":{"start":{"line":1,"column":43},"end":{"line":17,"column":1}},"line":1},"1":{"name":"(anonymous_1)","decl":{"start":{"line":5,"column":15},"end":{"line":5,"column":16}},"loc":{"start":{"line":5,"column":24},"end":{"line":7,"column":5}},"line":5}},"branchMap":{"0":{"loc":{"start":{"line":2,"column":2},"end":{"line":16,"column":3}},"type":"if","locations":[{"start":{"line":2,"column":2},"end":{"line":16,"column":3}},{"start":{"line":2,"column":2},"end":{"line":16,"column":3}}],"line":2},"1":{"loc":{"start":{"line":10,"column":7},"end":{"line":16,"column":3}},"type":"if","locations":[{"start":{"line":10,"column":7},"end":{"line":16,"column":3}},{"start":{"line":10,"column":7},"end":{"line":16,"column":3}}],"line":10}},"s":{"0":0,"1":0,"2":0,"3":0,"4":0,"5":0,"6":0,"7":0,"8":0,"9":0,"10":0},"f":{"0":0,"1":0},"b":{"0":[0,0],"1":[0,0]}}
,"/mnt/d/Project/FlorenceFox/Phase3/Runator/server/models/Community.js": {"path":"/mnt/d/Project/FlorenceFox/Phase3/Runator/server/models/Community.js","statementMap":{"0":{"start":{"line":1,"column":17},"end":{"line":1,"column":36}},"1":{"start":{"line":2,"column":19},"end":{"line":2,"column":27}},"2":{"start":{"line":5,"column":24},"end":{"line":14,"column":2}},"3":{"start":{"line":17,"column":0},"end":{"line":17,"column":61}}},"fnMap":{},"branchMap":{},"s":{"0":0,"1":0,"2":0,"3":0},"f":{},"b":{}}
,"/mnt/d/Project/FlorenceFox/Phase3/Runator/server/models/Event.js": {"path":"/mnt/d/Project/FlorenceFox/Phase3/Runator/server/models/Event.js","statementMap":{"0":{"start":{"line":1,"column":17},"end":{"line":1,"column":36}},"1":{"start":{"line":2,"column":19},"end":{"line":2,"column":27}},"2":{"start":{"line":5,"column":20},"end":{"line":21,"column":2}},"3":{"start":{"line":23,"column":0},"end":{"line":36,"column":2}},"4":{"start":{"line":24,"column":13},"end":{"line":24,"column":15}},"5":{"start":{"line":25,"column":2},"end":{"line":32,"column":3}},"6":{"start":{"line":25,"column":15},"end":{"line":25,"column":16}},"7":{"start":{"line":26,"column":4},"end":{"line":31,"column":5}},"8":{"start":{"line":27,"column":6},"end":{"line":27,"column":17}},"9":{"start":{"line":30,"column":6},"end":{"line":30,"column":28}},"10":{"start":{"line":34,"column":2},"end":{"line":34,"column":20}},"11":{"start":{"line":35,"column":2},"end":{"line":35,"column":8}},"12":{"start":{"line":38,"column":0},"end":{"line":38,"column":53}}},"fnMap":{"0":{"name":"(anonymous_0)","decl":{"start":{"line":23,"column":24},"end":{"line":23,"column":25}},"loc":{"start":{"line":23,"column":40},"end":{"line":36,"column":1}},"line":23}},"branchMap":{"0":{"loc":{"start":{"line":26,"column":4},"end":{"line":31,"column":5}},"type":"if","locations":[{"start":{"line":26,"column":4},"end":{"line":31,"column":5}},{"start":{"line":26,"column":4},"end":{"line":31,"column":5}}],"line":26}},"s":{"0":0,"1":0,"2":0,"3":0,"4":0,"5":0,"6":0,"7":0,"8":0,"9":0,"10":0,"11":0,"12":0},"f":{"0":0},"b":{"0":[0,0]}}
,"/mnt/d/Project/FlorenceFox/Phase3/Runator/server/models/User.js": {"path":"/mnt/d/Project/FlorenceFox/Phase3/Runator/server/models/User.js","statementMap":{"0":{"start":{"line":1,"column":17},"end":{"line":1,"column":36}},"1":{"start":{"line":2,"column":19},"end":{"line":2,"column":27}},"2":{"start":{"line":3,"column":15},"end":{"line":3,"column":34}},"3":{"start":{"line":5,"column":19},"end":{"line":23,"column":2}},"4":{"start":{"line":25,"column":0},"end":{"line":29,"column":2}},"5":{"start":{"line":26,"column":15},"end":{"line":26,"column":35}},"6":{"start":{"line":27,"column":2},"end":{"line":27,"column":54}},"7":{"start":{"line":28,"column":2},"end":{"line":28,"column":8}},"8":{"start":{"line":31,"column":0},"end":{"line":31,"column":51}}},"fnMap":{"0":{"name":"(anonymous_0)","decl":{"start":{"line":25,"column":23},"end":{"line":25,"column":24}},"loc":{"start":{"line":25,"column":39},"end":{"line":29,"column":1}},"line":25}},"branchMap":{},"s":{"0":0,"1":0,"2":0,"3":0,"4":0,"5":0,"6":0,"7":0,"8":0},"f":{"0":0},"b":{}}
,"/mnt/d/Project/FlorenceFox/Phase3/Runator/server/routes/communityRouter.js": {"path":"/mnt/d/Project/FlorenceFox/Phase3/Runator/server/routes/communityRouter.js","statementMap":{"0":{"start":{"line":1,"column":16},"end":{"line":1,"column":34}},"1":{"start":{"line":2,"column":15},"end":{"line":2,"column":31}},"2":{"start":{"line":3,"column":28},"end":{"line":3,"column":73}},"3":{"start":{"line":4,"column":32},"end":{"line":4,"column":81}},"4":{"start":{"line":5,"column":35},"end":{"line":5,"column":83}},"5":{"start":{"line":6,"column":33},"end":{"line":6,"column":83}},"6":{"start":{"line":8,"column":0},"end":{"line":8,"column":75}},"7":{"start":{"line":10,"column":0},"end":{"line":10,"column":53}},"8":{"start":{"line":12,"column":0},"end":{"line":12,"column":89}},"9":{"start":{"line":13,"column":0},"end":{"line":13,"column":98}},"10":{"start":{"line":14,"column":0},"end":{"line":14,"column":95}},"11":{"start":{"line":15,"column":0},"end":{"line":15,"column":56}},"12":{"start":{"line":16,"column":0},"end":{"line":16,"column":66}},"13":{"start":{"line":19,"column":0},"end":{"line":19,"column":23}}},"fnMap":{},"branchMap":{},"s":{"0":0,"1":0,"2":0,"3":0,"4":0,"5":0,"6":0,"7":0,"8":0,"9":0,"10":0,"11":0,"12":0,"13":0},"f":{},"b":{}}
,"/mnt/d/Project/FlorenceFox/Phase3/Runator/server/routes/index.js": {"path":"/mnt/d/Project/FlorenceFox/Phase3/Runator/server/routes/index.js","statementMap":{"0":{"start":{"line":1,"column":16},"end":{"line":1,"column":34}},"1":{"start":{"line":2,"column":15},"end":{"line":2,"column":31}},"2":{"start":{"line":3,"column":19},"end":{"line":3,"column":42}},"3":{"start":{"line":4,"column":24},"end":{"line":4,"column":52}},"4":{"start":{"line":5,"column":23},"end":{"line":5,"column":63}},"5":{"start":{"line":7,"column":0},"end":{"line":7,"column":32}},"6":{"start":{"line":9,"column":0},"end":{"line":9,"column":26}},"7":{"start":{"line":10,"column":0},"end":{"line":10,"column":41}},"8":{"start":{"line":12,"column":0},"end":{"line":12,"column":23}}},"fnMap":{},"branchMap":{},"s":{"0":0,"1":0,"2":0,"3":0,"4":0,"5":0,"6":0,"7":0,"8":0},"f":{},"b":{}}
,"/mnt/d/Project/FlorenceFox/Phase3/Runator/server/routes/userRouter.js": {"path":"/mnt/d/Project/FlorenceFox/Phase3/Runator/server/routes/userRouter.js","statementMap":{"0":{"start":{"line":1,"column":16},"end":{"line":1,"column":34}},"1":{"start":{"line":2,"column":15},"end":{"line":2,"column":31}},"2":{"start":{"line":3,"column":23},"end":{"line":3,"column":63}},"3":{"start":{"line":6,"column":0},"end":{"line":6,"column":43}},"4":{"start":{"line":7,"column":0},"end":{"line":7,"column":49}},"5":{"start":{"line":11,"column":0},"end":{"line":11,"column":23}}},"fnMap":{},"branchMap":{},"s":{"0":0,"1":0,"2":0,"3":0,"4":0,"5":0},"f":{},"b":{}}
}
