TN:
SF:app.js
FNF:0
FNH:0
DA:1,4
DA:2,4
DA:3,4
DA:4,4
DA:5,4
DA:11,4
DA:12,4
DA:13,4
DA:14,4
DA:16,4
LF:10
LH:10
BRF:0
BRH:0
end_of_record
TN:
SF:server.js
FN:7,(anonymous_0)
FNF:1
FNH:0
FNDA:0,(anonymous_0)
DA:1,0
DA:2,0
DA:3,0
DA:5,0
DA:7,0
DA:8,0
LF:6
LH:0
BRDA:3,0,0,0
BRDA:3,0,1,0
BRF:2
BRH:0
end_of_record
TN:
SF:controllers/communityController.js
FN:7,(anonymous_0)
FN:10,(anonymous_1)
FN:25,(anonymous_2)
FN:34,(anonymous_3)
FN:37,(anonymous_4)
FN:42,(anonymous_5)
FN:45,(anonymous_6)
FN:58,(anonymous_7)
FN:61,(anonymous_8)
FN:76,(anonymous_9)
FN:81,(anonymous_10)
FN:87,(anonymous_11)
FN:99,(anonymous_12)
FN:104,(anonymous_13)
FN:109,(anonymous_14)
FN:113,(anonymous_15)
FN:116,(anonymous_16)
FN:119,(anonymous_17)
FN:133,(anonymous_18)
FN:134,(anonymous_19)
FN:146,(anonymous_20)
FN:149,(anonymous_21)
FN:154,(anonymous_22)
FN:158,(anonymous_23)
FN:161,(anonymous_24)
FN:175,(anonymous_25)
FN:176,(anonymous_26)
FN:181,(anonymous_27)
FN:184,(anonymous_28)
FN:208,(anonymous_29)
FN:218,(anonymous_30)
FN:223,(anonymous_31)
FN:227,(anonymous_32)
FN:232,(anonymous_33)
FN:237,(anonymous_34)
FN:243,(anonymous_35)
FN:251,(anonymous_36)
FN:255,(anonymous_37)
FN:256,(anonymous_38)
FN:260,(anonymous_39)
FN:273,(anonymous_40)
FN:277,(anonymous_41)
FN:280,(anonymous_42)
FNF:43
FNH:8
FNDA:1,(anonymous_0)
FNDA:1,(anonymous_1)
FNDA:1,(anonymous_2)
FNDA:1,(anonymous_3)
FNDA:0,(anonymous_4)
FNDA:0,(anonymous_5)
FNDA:0,(anonymous_6)
FNDA:0,(anonymous_7)
FNDA:0,(anonymous_8)
FNDA:1,(anonymous_9)
FNDA:1,(anonymous_10)
FNDA:1,(anonymous_11)
FNDA:1,(anonymous_12)
FNDA:0,(anonymous_13)
FNDA:0,(anonymous_14)
FNDA:0,(anonymous_15)
FNDA:0,(anonymous_16)
FNDA:0,(anonymous_17)
FNDA:0,(anonymous_18)
FNDA:0,(anonymous_19)
FNDA:0,(anonymous_20)
FNDA:0,(anonymous_21)
FNDA:0,(anonymous_22)
FNDA:0,(anonymous_23)
FNDA:0,(anonymous_24)
FNDA:0,(anonymous_25)
FNDA:0,(anonymous_26)
FNDA:0,(anonymous_27)
FNDA:0,(anonymous_28)
FNDA:0,(anonymous_29)
FNDA:0,(anonymous_30)
FNDA:0,(anonymous_31)
FNDA:0,(anonymous_32)
FNDA:0,(anonymous_33)
FNDA:0,(anonymous_34)
FNDA:0,(anonymous_35)
FNDA:0,(anonymous_36)
FNDA:0,(anonymous_37)
FNDA:0,(anonymous_38)
FNDA:0,(anonymous_39)
FNDA:0,(anonymous_40)
FNDA:0,(anonymous_41)
FNDA:0,(anonymous_42)
DA:1,4
DA:2,4
DA:3,4
DA:8,1
DA:11,1
DA:23,1
DA:26,1
DA:29,1
DA:30,1
DA:35,1
DA:38,0
DA:43,0
DA:46,0
DA:47,0
DA:50,0
DA:51,0
DA:55,0
DA:59,0
DA:62,0
DA:79,1
DA:82,1
DA:83,1
DA:88,1
DA:89,1
DA:96,1
DA:100,1
DA:105,0
DA:111,0
DA:114,0
DA:116,0
DA:117,0
DA:119,0
DA:120,0
DA:122,0
DA:123,0
DA:127,0
DA:134,0
DA:135,0
DA:137,0
DA:144,0
DA:147,0
DA:150,0
DA:156,0
DA:159,0
DA:161,0
DA:162,0
DA:164,0
DA:165,0
DA:169,0
DA:176,0
DA:177,0
DA:179,0
DA:182,0
DA:185,0
DA:210,0
DA:216,0
DA:219,0
DA:220,0
DA:224,0
DA:228,0
DA:229,0
DA:233,0
DA:238,0
DA:249,0
DA:252,0
DA:256,0
DA:257,0
DA:259,0
DA:260,0
DA:261,0
DA:263,0
DA:267,0
DA:274,0
DA:278,0
DA:281,0
DA:285,4
LF:76
LH:18
BRDA:46,0,0,0
BRDA:46,0,1,0
BRDA:46,1,0,0
BRDA:46,1,1,0
BRDA:50,2,0,0
BRDA:50,2,1,0
BRDA:122,3,0,0
BRDA:122,3,1,0
BRDA:122,4,0,0
BRDA:122,4,1,0
BRDA:164,5,0,0
BRDA:164,5,1,0
BRDA:259,6,0,0
BRDA:259,6,1,0
BRF:14
BRH:0
end_of_record
TN:
SF:controllers/userController.js
FN:6,(anonymous_0)
FN:18,(anonymous_1)
FN:25,(anonymous_2)
FN:30,(anonymous_3)
FN:33,(anonymous_4)
FN:62,(anonymous_5)
FN:67,(anonymous_6)
FN:70,(anonymous_7)
FN:80,(anonymous_8)
FN:85,(anonymous_9)
FN:88,(anonymous_10)
FN:94,(anonymous_11)
FN:99,(anonymous_12)
FNF:13
FNH:6
FNDA:2,(anonymous_0)
FNDA:1,(anonymous_1)
FNDA:1,(anonymous_2)
FNDA:3,(anonymous_3)
FNDA:3,(anonymous_4)
FNDA:2,(anonymous_5)
FNDA:0,(anonymous_6)
FNDA:0,(anonymous_7)
FNDA:0,(anonymous_8)
FNDA:0,(anonymous_9)
FNDA:0,(anonymous_10)
FNDA:0,(anonymous_11)
FNDA:0,(anonymous_12)
DA:1,4
DA:2,4
DA:3,4
DA:7,2
DA:16,2
DA:19,1
DA:26,1
DA:31,3
DA:34,3
DA:35,2
DA:36,2
DA:37,1
DA:43,1
DA:44,1
DA:47,1
DA:48,1
DA:56,1
DA:63,2
DA:68,0
DA:71,0
DA:81,0
DA:86,0
DA:89,0
DA:90,0
DA:91,0
DA:95,0
DA:100,0
DA:125,4
LF:28
LH:19
BRDA:34,0,0,2
BRDA:34,0,1,1
BRDA:36,1,0,1
BRDA:36,1,1,1
BRF:4
BRH:4
end_of_record
TN:
SF:helpers/bcrypt.js
FN:3,checkPassword
FNF:1
FNH:1
FNDA:2,checkPassword
DA:1,4
DA:4,2
DA:7,4
LF:3
LH:3
BRF:0
BRH:0
end_of_record
TN:
SF:helpers/jwt.js
FN:3,createToken
FN:8,verifyToken
FNF:2
FNH:2
FNDA:1,createToken
FNDA:6,verifyToken
DA:1,4
DA:4,1
DA:5,1
DA:9,6
DA:10,6
DA:13,4
LF:6
LH:6
BRF:0
BRH:0
end_of_record
TN:
SF:helpers/verifyPassword.js
FN:3,verifyPassword
FNF:1
FNH:0
FNDA:0,verifyPassword
DA:1,0
DA:4,0
DA:6,0
LF:3
LH:0
BRF:0
BRH:0
end_of_record
TN:
SF:middlewares/Authentication.js
FN:4,(anonymous_0)
FNF:1
FNH:1
FNDA:7,(anonymous_0)
DA:1,4
DA:2,4
DA:4,4
DA:5,7
DA:6,7
DA:7,7
DA:8,1
DA:13,6
DA:15,6
DA:16,6
DA:17,6
DA:18,6
DA:20,0
DA:24,1
LF:14
LH:13
BRDA:7,0,0,1
BRDA:7,0,1,6
BRDA:17,1,0,6
BRDA:17,1,1,0
BRF:4
BRH:3
end_of_record
TN:
SF:middlewares/AuthorizationCreateEvent.js
FN:3,(anonymous_0)
FN:7,(anonymous_1)
FN:18,(anonymous_2)
FNF:3
FNH:0
FNDA:0,(anonymous_0)
FNDA:0,(anonymous_1)
FNDA:0,(anonymous_2)
DA:1,4
DA:3,4
DA:4,0
DA:5,0
DA:8,0
DA:9,0
DA:15,0
DA:19,0
LF:8
LH:2
BRDA:8,0,0,0
BRDA:8,0,1,0
BRDA:8,1,0,0
BRDA:8,1,1,0
BRF:4
BRH:0
end_of_record
TN:
SF:middlewares/AuthorizationCreateJoin.js
FN:3,(anonymous_0)
FN:6,(anonymous_1)
FN:17,(anonymous_2)
FNF:3
FNH:3
FNDA:5,(anonymous_0)
FNDA:5,(anonymous_1)
FNDA:3,(anonymous_2)
DA:1,4
DA:3,4
DA:4,5
DA:7,5
DA:8,2
DA:11,3
DA:18,3
LF:7
LH:7
BRDA:7,0,0,2
BRDA:7,0,1,3
BRF:2
BRH:2
end_of_record
TN:
SF:middlewares/AuthorizeApproveMember.js
FN:3,(anonymous_0)
FN:6,(anonymous_1)
FN:17,(anonymous_2)
FNF:3
FNH:0
FNDA:0,(anonymous_0)
FNDA:0,(anonymous_1)
FNDA:0,(anonymous_2)
DA:1,4
DA:3,4
DA:4,0
DA:7,0
DA:8,0
DA:11,0
DA:18,0
LF:7
LH:2
BRDA:7,0,0,0
BRDA:7,0,1,0
BRF:2
BRH:0
end_of_record
TN:
SF:middlewares/errorHandling.js
FN:1,errorHandlers
FN:5,(anonymous_1)
FNF:2
FNH:2
FNDA:7,errorHandlers
FNDA:1,(anonymous_1)
DA:2,7
DA:3,1
DA:4,1
DA:5,1
DA:6,1
DA:8,1
DA:10,6
DA:11,6
DA:14,0
DA:15,0
DA:19,4
LF:11
LH:9
BRDA:2,0,0,1
BRDA:2,0,1,6
BRDA:10,1,0,6
BRDA:10,1,1,0
BRF:4
BRH:3
end_of_record
TN:
SF:models/Community.js
FNF:0
FNH:0
DA:1,4
DA:2,4
DA:5,4
DA:17,4
LF:4
LH:4
BRF:0
BRH:0
end_of_record
TN:
SF:models/Event.js
FN:23,(anonymous_0)
FNF:1
FNH:0
FNDA:0,(anonymous_0)
DA:1,4
DA:2,4
DA:5,4
DA:23,4
DA:24,0
DA:25,0
DA:26,0
DA:27,0
DA:30,0
DA:34,0
DA:35,0
DA:38,4
LF:12
LH:5
BRDA:26,0,0,0
BRDA:26,0,1,0
BRF:2
BRH:0
end_of_record
TN:
SF:models/User.js
FN:25,(anonymous_0)
FNF:1
FNH:1
FNDA:22,(anonymous_0)
DA:1,4
DA:2,4
DA:3,4
DA:5,4
DA:25,4
DA:26,22
DA:27,22
DA:28,22
DA:31,4
LF:9
LH:9
BRF:0
BRH:0
end_of_record
TN:
SF:routes/communityRouter.js
FNF:0
FNH:0
DA:1,4
DA:2,4
DA:3,4
DA:4,4
DA:5,4
DA:6,4
DA:8,4
DA:10,4
DA:12,4
DA:13,4
DA:14,4
DA:15,4
DA:16,4
DA:19,4
LF:14
LH:14
BRF:0
BRH:0
end_of_record
TN:
SF:routes/index.js
FNF:0
FNH:0
DA:1,4
DA:2,4
DA:3,4
DA:4,4
DA:5,4
DA:6,4
DA:8,4
DA:10,4
DA:11,4
DA:12,4
DA:14,4
LF:11
LH:11
BRF:0
BRH:0
end_of_record
TN:
SF:routes/userRouter.js
FNF:0
FNH:0
DA:1,4
DA:2,4
DA:3,4
DA:6,4
DA:7,4
DA:11,4
LF:6
LH:6
BRF:0
BRH:0
end_of_record
