TN:
SF:app.js
FNF:0
FNH:0
DA:1,7
DA:2,7
DA:3,7
DA:4,7
DA:5,7
DA:12,7
DA:13,7
DA:14,7
DA:15,7
DA:17,7
LF:10
LH:10
BRF:0
BRH:0
end_of_record
TN:
SF:server.js
FN:7,(anonymous_0)
FNF:1
FNH:0
FNDA:0,(anonymous_0)
DA:1,0
DA:2,0
DA:3,0
DA:5,0
DA:7,0
DA:8,0
LF:6
LH:0
BRDA:3,0,0,0
BRDA:3,0,1,0
BRF:2
BRH:0
end_of_record
TN:
SF:controllers/communityController.js
FN:7,(anonymous_0)
FN:10,(anonymous_1)
FN:25,(anonymous_2)
FN:34,(anonymous_3)
FN:37,(anonymous_4)
FN:42,(anonymous_5)
FN:45,(anonymous_6)
FN:58,(anonymous_7)
FN:61,(anonymous_8)
FN:76,(anonymous_9)
FN:81,(anonymous_10)
FN:87,(anonymous_11)
FN:99,(anonymous_12)
FN:104,(anonymous_13)
FN:109,(anonymous_14)
FN:113,(anonymous_15)
FN:116,(anonymous_16)
FN:119,(anonymous_17)
FN:133,(anonymous_18)
FN:134,(anonymous_19)
FN:146,(anonymous_20)
FN:151,(anonymous_21)
FN:156,(anonymous_22)
FN:160,(anonymous_23)
FN:163,(anonymous_24)
FN:177,(anonymous_25)
FN:178,(anonymous_26)
FN:183,(anonymous_27)
FN:188,(anonymous_28)
FN:212,(anonymous_29)
FN:223,(anonymous_30)
FN:228,(anonymous_31)
FN:232,(anonymous_32)
FN:237,(anonymous_33)
FN:242,(anonymous_34)
FN:248,(anonymous_35)
FN:256,(anonymous_36)
FN:260,(anonymous_37)
FN:261,(anonymous_38)
FN:265,(anonymous_39)
FN:278,(anonymous_40)
FN:282,(anonymous_41)
FN:285,(anonymous_42)
FNF:43
FNH:28
FNDA:1,(anonymous_0)
FNDA:1,(anonymous_1)
FNDA:1,(anonymous_2)
FNDA:1,(anonymous_3)
FNDA:0,(anonymous_4)
FNDA:0,(anonymous_5)
FNDA:0,(anonymous_6)
FNDA:0,(anonymous_7)
FNDA:0,(anonymous_8)
FNDA:1,(anonymous_9)
FNDA:1,(anonymous_10)
FNDA:1,(anonymous_11)
FNDA:1,(anonymous_12)
FNDA:0,(anonymous_13)
FNDA:2,(anonymous_14)
FNDA:2,(anonymous_15)
FNDA:2,(anonymous_16)
FNDA:2,(anonymous_17)
FNDA:1,(anonymous_18)
FNDA:1,(anonymous_19)
FNDA:1,(anonymous_20)
FNDA:1,(anonymous_21)
FNDA:2,(anonymous_22)
FNDA:2,(anonymous_23)
FNDA:2,(anonymous_24)
FNDA:1,(anonymous_25)
FNDA:1,(anonymous_26)
FNDA:1,(anonymous_27)
FNDA:1,(anonymous_28)
FNDA:1,(anonymous_29)
FNDA:1,(anonymous_30)
FNDA:1,(anonymous_31)
FNDA:1,(anonymous_32)
FNDA:1,(anonymous_33)
FNDA:0,(anonymous_34)
FNDA:0,(anonymous_35)
FNDA:0,(anonymous_36)
FNDA:0,(anonymous_37)
FNDA:0,(anonymous_38)
FNDA:0,(anonymous_39)
FNDA:0,(anonymous_40)
FNDA:0,(anonymous_41)
FNDA:0,(anonymous_42)
DA:1,7
DA:2,7
DA:3,7
DA:8,1
DA:11,1
DA:23,1
DA:26,1
DA:29,1
DA:30,1
DA:35,1
DA:38,0
DA:43,0
DA:46,0
DA:47,0
DA:50,0
DA:51,0
DA:55,0
DA:59,0
DA:62,0
DA:79,1
DA:82,1
DA:83,1
DA:88,1
DA:89,1
DA:96,1
DA:100,1
DA:105,0
DA:111,2
DA:114,2
DA:116,2
DA:117,2
DA:119,2
DA:120,2
DA:122,2
DA:123,1
DA:127,1
DA:134,1
DA:135,1
DA:137,1
DA:144,1
DA:147,1
DA:152,1
DA:158,2
DA:161,2
DA:163,2
DA:164,2
DA:166,2
DA:167,1
DA:171,1
DA:178,1
DA:179,1
DA:181,1
DA:184,1
DA:189,1
DA:214,1
DA:221,1
DA:224,1
DA:225,1
DA:229,1
DA:233,1
DA:234,1
DA:238,1
DA:243,0
DA:254,0
DA:257,0
DA:261,0
DA:262,0
DA:264,0
DA:265,0
DA:266,0
DA:268,0
DA:272,0
DA:279,0
DA:283,0
DA:286,0
DA:290,7
LF:76
LH:53
BRDA:46,0,0,0
BRDA:46,0,1,0
BRDA:46,1,0,0
BRDA:46,1,1,0
BRDA:50,2,0,0
BRDA:50,2,1,0
BRDA:122,3,0,1
BRDA:122,3,1,1
BRDA:122,4,0,2
BRDA:122,4,1,1
BRDA:166,5,0,1
BRDA:166,5,1,1
BRDA:264,6,0,0
BRDA:264,6,1,0
BRF:14
BRH:6
end_of_record
TN:
SF:controllers/userController.js
FN:6,(anonymous_0)
FN:19,(anonymous_1)
FN:26,(anonymous_2)
FN:31,(anonymous_3)
FN:34,(anonymous_4)
FN:60,(anonymous_5)
FNF:6
FNH:6
FNDA:2,(anonymous_0)
FNDA:1,(anonymous_1)
FNDA:1,(anonymous_2)
FNDA:3,(anonymous_3)
FNDA:3,(anonymous_4)
FNDA:2,(anonymous_5)
DA:1,7
DA:2,7
DA:3,7
DA:7,2
DA:8,2
DA:17,2
DA:20,1
DA:27,1
DA:32,3
DA:35,3
DA:36,2
DA:37,2
DA:38,1
DA:44,1
DA:45,1
DA:47,1
DA:48,1
DA:54,1
DA:61,2
DA:87,7
LF:20
LH:20
BRDA:35,0,0,2
BRDA:35,0,1,1
BRDA:37,1,0,1
BRDA:37,1,1,1
BRF:4
BRH:4
end_of_record
TN:
SF:helpers/bcrypt.js
FN:3,checkPassword
FNF:1
FNH:1
FNDA:2,checkPassword
DA:1,7
DA:4,2
DA:7,7
LF:3
LH:3
BRF:0
BRH:0
end_of_record
TN:
SF:helpers/jwt.js
FN:3,createToken
FN:8,verifyToken
FNF:2
FNH:2
FNDA:1,createToken
FNDA:14,verifyToken
DA:1,7
DA:4,1
DA:5,1
DA:9,14
DA:10,14
DA:13,7
LF:6
LH:6
BRF:0
BRH:0
end_of_record
TN:
SF:middlewares/Authentication.js
FN:4,(anonymous_0)
FNF:1
FNH:1
FNDA:15,(anonymous_0)
DA:1,7
DA:2,7
DA:4,7
DA:5,15
DA:6,15
DA:7,15
DA:8,1
DA:13,14
DA:15,14
DA:16,14
DA:17,14
DA:18,13
DA:20,1
DA:24,1
LF:14
LH:14
BRDA:7,0,0,1
BRDA:7,0,1,14
BRDA:17,1,0,13
BRDA:17,1,1,1
BRF:4
BRH:4
end_of_record
TN:
SF:middlewares/AuthorizationCreateEvent.js
FN:3,(anonymous_0)
FN:7,(anonymous_1)
FN:18,(anonymous_2)
FNF:3
FNH:3
FNDA:2,(anonymous_0)
FNDA:2,(anonymous_1)
FNDA:1,(anonymous_2)
DA:1,7
DA:3,7
DA:4,2
DA:5,2
DA:8,2
DA:9,1
DA:15,1
DA:19,1
LF:8
LH:8
BRDA:8,0,0,1
BRDA:8,0,1,1
BRDA:8,1,0,2
BRDA:8,1,1,1
BRF:4
BRH:4
end_of_record
TN:
SF:middlewares/AuthorizationCreateJoin.js
FN:3,(anonymous_0)
FN:6,(anonymous_1)
FN:17,(anonymous_2)
FNF:3
FNH:3
FNDA:5,(anonymous_0)
FNDA:5,(anonymous_1)
FNDA:3,(anonymous_2)
DA:1,7
DA:3,7
DA:4,5
DA:7,5
DA:8,2
DA:11,3
DA:18,3
LF:7
LH:7
BRDA:7,0,0,2
BRDA:7,0,1,3
BRF:2
BRH:2
end_of_record
TN:
SF:middlewares/AuthorizeApproveMember.js
FN:3,(anonymous_0)
FN:6,(anonymous_1)
FN:17,(anonymous_2)
FNF:3
FNH:3
FNDA:6,(anonymous_0)
FNDA:6,(anonymous_1)
FNDA:2,(anonymous_2)
DA:1,7
DA:3,7
DA:4,6
DA:7,6
DA:8,4
DA:11,2
DA:18,2
LF:7
LH:7
BRDA:7,0,0,4
BRDA:7,0,1,2
BRF:2
BRH:2
end_of_record
TN:
SF:middlewares/errorHandling.js
FN:1,errorHandlers
FN:5,(anonymous_1)
FNF:2
FNH:2
FNDA:12,errorHandlers
FNDA:1,(anonymous_1)
DA:2,12
DA:3,1
DA:4,1
DA:5,1
DA:6,1
DA:8,1
DA:10,11
DA:11,11
DA:14,0
DA:15,0
DA:19,7
LF:11
LH:9
BRDA:2,0,0,1
BRDA:2,0,1,11
BRDA:10,1,0,11
BRDA:10,1,1,0
BRF:4
BRH:3
end_of_record
TN:
SF:models/Community.js
FNF:0
FNH:0
DA:1,7
DA:2,7
DA:5,7
DA:17,7
LF:4
LH:4
BRF:0
BRH:0
end_of_record
TN:
SF:models/Event.js
FN:27,(anonymous_0)
FNF:1
FNH:1
FNDA:1,(anonymous_0)
DA:1,7
DA:2,7
DA:5,7
DA:27,7
DA:28,1
DA:29,1
DA:30,18
DA:31,1
DA:34,17
DA:38,1
DA:39,1
DA:42,7
LF:12
LH:12
BRDA:30,0,0,1
BRDA:30,0,1,17
BRF:2
BRH:2
end_of_record
TN:
SF:models/User.js
FN:25,(anonymous_0)
FNF:1
FNH:1
FNDA:56,(anonymous_0)
DA:1,7
DA:2,7
DA:3,7
DA:5,7
DA:25,7
DA:26,56
DA:27,56
DA:28,56
DA:31,7
LF:9
LH:9
BRF:0
BRH:0
end_of_record
TN:
SF:routes/communityRouter.js
FNF:0
FNH:0
DA:1,7
DA:2,7
DA:3,7
DA:4,7
DA:5,7
DA:6,7
DA:8,7
DA:10,7
DA:12,7
DA:13,7
DA:14,7
DA:15,7
DA:16,7
DA:19,7
LF:14
LH:14
BRF:0
BRH:0
end_of_record
TN:
SF:routes/index.js
FNF:0
FNH:0
DA:1,7
DA:2,7
DA:3,7
DA:4,7
DA:5,7
DA:6,7
DA:8,7
DA:10,7
DA:11,7
DA:12,7
DA:14,7
LF:11
LH:11
BRF:0
BRH:0
end_of_record
TN:
SF:routes/userRouter.js
FNF:0
FNH:0
DA:1,7
DA:2,7
DA:3,7
DA:5,7
DA:6,7
DA:10,7
LF:6
LH:6
BRF:0
BRH:0
end_of_record
